<?xml version="1.0" encoding="UTF-8"?>
<testsuite name="com.ece6133.PlacementLoaderTests" tests="7" skipped="0" failures="2" errors="0" timestamp="2020-04-28T05:13:36" hostname="maven-desktop-linux" time="4.937">
  <properties/>
  <testcase name="testNetlistBuild" classname="com.ece6133.PlacementLoaderTests" time="1.806">
    <failure message="java.lang.AssertionError" type="java.lang.AssertionError">java.lang.AssertionError
	at com.ece6133.PlacementLoaderTests.testNetlistBuild(PlacementLoaderTests.java:149)
	at sun.reflect.NativeMethodAccessorImpl.invoke0(Native Method)
	at sun.reflect.NativeMethodAccessorImpl.invoke(NativeMethodAccessorImpl.java:62)
	at sun.reflect.DelegatingMethodAccessorImpl.invoke(DelegatingMethodAccessorImpl.java:43)
	at java.lang.reflect.Method.invoke(Method.java:498)
	at org.junit.runners.model.FrameworkMethod$1.runReflectiveCall(FrameworkMethod.java:50)
	at org.junit.internal.runners.model.ReflectiveCallable.run(ReflectiveCallable.java:12)
	at org.junit.runners.model.FrameworkMethod.invokeExplosively(FrameworkMethod.java:47)
	at org.junit.internal.runners.statements.InvokeMethod.evaluate(InvokeMethod.java:17)
	at org.junit.runners.ParentRunner.runLeaf(ParentRunner.java:325)
	at org.junit.runners.BlockJUnit4ClassRunner.runChild(BlockJUnit4ClassRunner.java:78)
	at org.junit.runners.BlockJUnit4ClassRunner.runChild(BlockJUnit4ClassRunner.java:57)
	at org.junit.runners.ParentRunner$3.run(ParentRunner.java:290)
	at org.junit.runners.ParentRunner$1.schedule(ParentRunner.java:71)
	at org.junit.runners.ParentRunner.runChildren(ParentRunner.java:288)
	at org.junit.runners.ParentRunner.access$000(ParentRunner.java:58)
	at org.junit.runners.ParentRunner$2.evaluate(ParentRunner.java:268)
	at org.junit.runners.ParentRunner.run(ParentRunner.java:363)
	at org.gradle.api.internal.tasks.testing.junit.JUnitTestClassExecutor.runTestClass(JUnitTestClassExecutor.java:110)
	at org.gradle.api.internal.tasks.testing.junit.JUnitTestClassExecutor.execute(JUnitTestClassExecutor.java:58)
	at org.gradle.api.internal.tasks.testing.junit.JUnitTestClassExecutor.execute(JUnitTestClassExecutor.java:38)
	at org.gradle.api.internal.tasks.testing.junit.AbstractJUnitTestClassProcessor.processTestClass(AbstractJUnitTestClassProcessor.java:62)
	at org.gradle.api.internal.tasks.testing.SuiteTestClassProcessor.processTestClass(SuiteTestClassProcessor.java:51)
	at sun.reflect.NativeMethodAccessorImpl.invoke0(Native Method)
	at sun.reflect.NativeMethodAccessorImpl.invoke(NativeMethodAccessorImpl.java:62)
	at sun.reflect.DelegatingMethodAccessorImpl.invoke(DelegatingMethodAccessorImpl.java:43)
	at java.lang.reflect.Method.invoke(Method.java:498)
	at org.gradle.internal.dispatch.ReflectionDispatch.dispatch(ReflectionDispatch.java:36)
	at org.gradle.internal.dispatch.ReflectionDispatch.dispatch(ReflectionDispatch.java:24)
	at org.gradle.internal.dispatch.ContextClassLoaderDispatch.dispatch(ContextClassLoaderDispatch.java:33)
	at org.gradle.internal.dispatch.ProxyDispatchAdapter$DispatchingInvocationHandler.invoke(ProxyDispatchAdapter.java:94)
	at com.sun.proxy.$Proxy2.processTestClass(Unknown Source)
	at org.gradle.api.internal.tasks.testing.worker.TestWorker.processTestClass(TestWorker.java:118)
	at sun.reflect.NativeMethodAccessorImpl.invoke0(Native Method)
	at sun.reflect.NativeMethodAccessorImpl.invoke(NativeMethodAccessorImpl.java:62)
	at sun.reflect.DelegatingMethodAccessorImpl.invoke(DelegatingMethodAccessorImpl.java:43)
	at java.lang.reflect.Method.invoke(Method.java:498)
	at org.gradle.internal.dispatch.ReflectionDispatch.dispatch(ReflectionDispatch.java:36)
	at org.gradle.internal.dispatch.ReflectionDispatch.dispatch(ReflectionDispatch.java:24)
	at org.gradle.internal.remote.internal.hub.MessageHubBackedObjectConnection$DispatchWrapper.dispatch(MessageHubBackedObjectConnection.java:182)
	at org.gradle.internal.remote.internal.hub.MessageHubBackedObjectConnection$DispatchWrapper.dispatch(MessageHubBackedObjectConnection.java:164)
	at org.gradle.internal.remote.internal.hub.MessageHub$Handler.run(MessageHub.java:412)
	at org.gradle.internal.concurrent.ExecutorPolicy$CatchAndRecordFailures.onExecute(ExecutorPolicy.java:64)
	at org.gradle.internal.concurrent.ManagedExecutorImpl$1.run(ManagedExecutorImpl.java:48)
	at java.util.concurrent.ThreadPoolExecutor.runWorker(ThreadPoolExecutor.java:1149)
	at java.util.concurrent.ThreadPoolExecutor$Worker.run(ThreadPoolExecutor.java:624)
	at org.gradle.internal.concurrent.ThreadFactoryImpl$ManagedThreadRunnable.run(ThreadFactoryImpl.java:56)
	at java.lang.Thread.run(Thread.java:748)
</failure>
  </testcase>
  <testcase name="testPathRec" classname="com.ece6133.PlacementLoaderTests" time="2.135">
    <failure message="java.lang.StackOverflowError" type="java.lang.StackOverflowError">java.lang.StackOverflowError
	at com.ece6133.model.timing.K6DesignModelLoader.generateDsPathRec(K6DesignModelLoader.java:494)
	at com.ece6133.model.timing.K6DesignModelLoader.generateDsPathRec(K6DesignModelLoader.java:494)
	at com.ece6133.model.timing.K6DesignModelLoader.generateDsPathRec(K6DesignModelLoader.java:494)
	at com.ece6133.model.timing.K6DesignModelLoader.generateDsPathRec(K6DesignModelLoader.java:494)
	at com.ece6133.model.timing.K6DesignModelLoader.generateDsPathRec(K6DesignModelLoader.java:494)
	at com.ece6133.model.timing.K6DesignModelLoader.generateDsPathRec(K6DesignModelLoader.java:494)
	at com.ece6133.model.timing.K6DesignModelLoader.generateDsPathRec(K6DesignModelLoader.java:494)
	at com.ece6133.model.timing.K6DesignModelLoader.generateDsPathRec(K6DesignModelLoader.java:494)
	at com.ece6133.model.timing.K6DesignModelLoader.generateDsPathRec(K6DesignModelLoader.java:494)
	at com.ece6133.model.timing.K6DesignModelLoader.generateDsPathRec(K6DesignModelLoader.java:494)
	at com.ece6133.model.timing.K6DesignModelLoader.generateDsPathRec(K6DesignModelLoader.java:494)
	at com.ece6133.model.timing.K6DesignModelLoader.generateDsPathRec(K6DesignModelLoader.java:494)
	at com.ece6133.model.timing.K6DesignModelLoader.generateDsPathRec(K6DesignModelLoader.java:494)
	at com.ece6133.model.timing.K6DesignModelLoader.generateDsPathRec(K6DesignModelLoader.java:494)
	at com.ece6133.model.timing.K6DesignModelLoader.generateDsPathRec(K6DesignModelLoader.java:494)
	at com.ece6133.model.timing.K6DesignModelLoader.generateDsPathRec(K6DesignModelLoader.java:494)
	at com.ece6133.model.timing.K6DesignModelLoader.generateDsPathRec(K6DesignModelLoader.java:494)
	at com.ece6133.model.timing.K6DesignModelLoader.generateDsPathRec(K6DesignModelLoader.java:494)
	at com.ece6133.model.timing.K6DesignModelLoader.generateDsPathRec(K6DesignModelLoader.java:494)
	at com.ece6133.model.timing.K6DesignModelLoader.generateDsPathRec(K6DesignModelLoader.java:494)
	at com.ece6133.model.timing.K6DesignModelLoader.generateDsPathRec(K6DesignModelLoader.java:494)
	at com.ece6133.model.timing.K6DesignModelLoader.generateDsPathRec(K6DesignModelLoader.java:494)
	at com.ece6133.model.timing.K6DesignModelLoader.generateDsPathRec(K6DesignModelLoader.java:494)
	at com.ece6133.model.timing.K6DesignModelLoader.generateDsPathRec(K6DesignModelLoader.java:494)
	at com.ece6133.model.timing.K6DesignModelLoader.generateDsPathRec(K6DesignModelLoader.java:494)
	at com.ece6133.model.timing.K6DesignModelLoader.generateDsPathRec(K6DesignModelLoader.java:494)
	at com.ece6133.model.timing.K6DesignModelLoader.generateDsPathRec(K6DesignModelLoader.java:494)
	at com.ece6133.model.timing.K6DesignModelLoader.generateDsPathRec(K6DesignModelLoader.java:494)
	at com.ece6133.model.timing.K6DesignModelLoader.generateDsPathRec(K6DesignModelLoader.java:494)
	at com.ece6133.model.timing.K6DesignModelLoader.generateDsPathRec(K6DesignModelLoader.java:494)
	at com.ece6133.model.timing.K6DesignModelLoader.generateDsPathRec(K6DesignModelLoader.java:494)
	at com.ece6133.model.timing.K6DesignModelLoader.generateDsPathRec(K6DesignModelLoader.java:494)
	at com.ece6133.model.timing.K6DesignModelLoader.generateDsPathRec(K6DesignModelLoader.java:494)
	at com.ece6133.model.timing.K6DesignModelLoader.generateDsPathRec(K6DesignModelLoader.java:494)
	at com.ece6133.model.timing.K6DesignModelLoader.generateDsPathRec(K6DesignModelLoader.java:494)
	at com.ece6133.model.timing.K6DesignModelLoader.generateDsPathRec(K6DesignModelLoader.java:494)
	at com.ece6133.model.timing.K6DesignModelLoader.generateDsPathRec(K6DesignModelLoader.java:494)
	at com.ece6133.model.timing.K6DesignModelLoader.generateDsPathRec(K6DesignModelLoader.java:494)
	at com.ece6133.model.timing.K6DesignModelLoader.generateDsPathRec(K6DesignModelLoader.java:494)
	at com.ece6133.model.timing.K6DesignModelLoader.generateDsPathRec(K6DesignModelLoader.java:494)
	at com.ece6133.model.timing.K6DesignModelLoader.generateDsPathRec(K6DesignModelLoader.java:494)
	at com.ece6133.model.timing.K6DesignModelLoader.generateDsPathRec(K6DesignModelLoader.java:494)
	at com.ece6133.model.timing.K6DesignModelLoader.generateDsPathRec(K6DesignModelLoader.java:494)
	at com.ece6133.model.timing.K6DesignModelLoader.generateDsPathRec(K6DesignModelLoader.java:494)
	at com.ece6133.model.timing.K6DesignModelLoader.generateDsPathRec(K6DesignModelLoader.java:494)
	at com.ece6133.model.timing.K6DesignModelLoader.generateDsPathRec(K6DesignModelLoader.java:494)
	at com.ece6133.model.timing.K6DesignModelLoader.generateDsPathRec(K6DesignModelLoader.java:494)
	at com.ece6133.model.timing.K6DesignModelLoader.generateDsPathRec(K6DesignModelLoader.java:494)
	at com.ece6133.model.timing.K6DesignModelLoader.generateDsPathRec(K6DesignModelLoader.java:494)
	at com.ece6133.model.timing.K6DesignModelLoader.generateDsPathRec(K6DesignModelLoader.java:494)
	at com.ece6133.model.timing.K6DesignModelLoader.generateDsPathRec(K6DesignModelLoader.java:494)
	at com.ece6133.model.timing.K6DesignModelLoader.generateDsPathRec(K6DesignModelLoader.java:494)
	at com.ece6133.model.timing.K6DesignModelLoader.generateDsPathRec(K6DesignModelLoader.java:494)
	at com.ece6133.model.timing.K6DesignModelLoader.generateDsPathRec(K6DesignModelLoader.java:494)
	at com.ece6133.model.timing.K6DesignModelLoader.generateDsPathRec(K6DesignModelLoader.java:494)
	at com.ece6133.model.timing.K6DesignModelLoader.generateDsPathRec(K6DesignModelLoader.java:494)
	at com.ece6133.model.timing.K6DesignModelLoader.generateDsPathRec(K6DesignModelLoader.java:494)
	at com.ece6133.model.timing.K6DesignModelLoader.generateDsPathRec(K6DesignModelLoader.java:494)
	at com.ece6133.model.timing.K6DesignModelLoader.generateDsPathRec(K6DesignModelLoader.java:494)
	at com.ece6133.model.timing.K6DesignModelLoader.generateDsPathRec(K6DesignModelLoader.java:494)
	at com.ece6133.model.timing.K6DesignModelLoader.generateDsPathRec(K6DesignModelLoader.java:494)
	at com.ece6133.model.timing.K6DesignModelLoader.generateDsPathRec(K6DesignModelLoader.java:494)
	at com.ece6133.model.timing.K6DesignModelLoader.generateDsPathRec(K6DesignModelLoader.java:494)
	at com.ece6133.model.timing.K6DesignModelLoader.generateDsPathRec(K6DesignModelLoader.java:494)
	at com.ece6133.model.timing.K6DesignModelLoader.generateDsPathRec(K6DesignModelLoader.java:494)
	at com.ece6133.model.timing.K6DesignModelLoader.generateDsPathRec(K6DesignModelLoader.java:494)
	at com.ece6133.model.timing.K6DesignModelLoader.generateDsPathRec(K6DesignModelLoader.java:494)
	at com.ece6133.model.timing.K6DesignModelLoader.generateDsPathRec(K6DesignModelLoader.java:494)
	at com.ece6133.model.timing.K6DesignModelLoader.generateDsPathRec(K6DesignModelLoader.java:494)
	at com.ece6133.model.timing.K6DesignModelLoader.generateDsPathRec(K6DesignModelLoader.java:494)
	at com.ece6133.model.timing.K6DesignModelLoader.generateDsPathRec(K6DesignModelLoader.java:494)
	at com.ece6133.model.timing.K6DesignModelLoader.generateDsPathRec(K6DesignModelLoader.java:494)
	at com.ece6133.model.timing.K6DesignModelLoader.generateDsPathRec(K6DesignModelLoader.java:494)
	at com.ece6133.model.timing.K6DesignModelLoader.generateDsPathRec(K6DesignModelLoader.java:494)
	at com.ece6133.model.timing.K6DesignModelLoader.generateDsPathRec(K6DesignModelLoader.java:494)
	at com.ece6133.model.timing.K6DesignModelLoader.generateDsPathRec(K6DesignModelLoader.java:494)
	at com.ece6133.model.timing.K6DesignModelLoader.generateDsPathRec(K6DesignModelLoader.java:494)
	at com.ece6133.model.timing.K6DesignModelLoader.generateDsPathRec(K6DesignModelLoader.java:494)
	at com.ece6133.model.timing.K6DesignModelLoader.generateDsPathRec(K6DesignModelLoader.java:494)
	at com.ece6133.model.timing.K6DesignModelLoader.generateDsPathRec(K6DesignModelLoader.java:494)
	at com.ece6133.model.timing.K6DesignModelLoader.generateDsPathRec(K6DesignModelLoader.java:494)
	at com.ece6133.model.timing.K6DesignModelLoader.generateDsPathRec(K6DesignModelLoader.java:494)
	at com.ece6133.model.timing.K6DesignModelLoader.generateDsPathRec(K6DesignModelLoader.java:494)
	at com.ece6133.model.timing.K6DesignModelLoader.generateDsPathRec(K6DesignModelLoader.java:494)
	at com.ece6133.model.timing.K6DesignModelLoader.generateDsPathRec(K6DesignModelLoader.java:494)
	at com.ece6133.model.timing.K6DesignModelLoader.generateDsPathRec(K6DesignModelLoader.java:494)
	at com.ece6133.model.timing.K6DesignModelLoader.generateDsPathRec(K6DesignModelLoader.java:494)
	at com.ece6133.model.timing.K6DesignModelLoader.generateDsPathRec(K6DesignModelLoader.java:494)
	at com.ece6133.model.timing.K6DesignModelLoader.generateDsPathRec(K6DesignModelLoader.java:494)
	at com.ece6133.model.timing.K6DesignModelLoader.generateDsPathRec(K6DesignModelLoader.java:494)
	at com.ece6133.model.timing.K6DesignModelLoader.generateDsPathRec(K6DesignModelLoader.java:494)
	at com.ece6133.model.timing.K6DesignModelLoader.generateDsPathRec(K6DesignModelLoader.java:494)
	at com.ece6133.model.timing.K6DesignModelLoader.generateDsPathRec(K6DesignModelLoader.java:494)
	at com.ece6133.model.timing.K6DesignModelLoader.generateDsPathRec(K6DesignModelLoader.java:494)
	at com.ece6133.model.timing.K6DesignModelLoader.generateDsPathRec(K6DesignModelLoader.java:494)
	at com.ece6133.model.timing.K6DesignModelLoader.generateDsPathRec(K6DesignModelLoader.java:494)
	at com.ece6133.model.timing.K6DesignModelLoader.generateDsPathRec(K6DesignModelLoader.java:494)
	at com.ece6133.model.timing.K6DesignModelLoader.generateDsPathRec(K6DesignModelLoader.java:494)
	at com.ece6133.model.timing.K6DesignModelLoader.generateDsPathRec(K6DesignModelLoader.java:494)
	at com.ece6133.model.timing.K6DesignModelLoader.generateDsPathRec(K6DesignModelLoader.java:494)
	at com.ece6133.model.timing.K6DesignModelLoader.generateDsPathRec(K6DesignModelLoader.java:494)
	at com.ece6133.model.timing.K6DesignModelLoader.generateDsPathRec(K6DesignModelLoader.java:494)
	at com.ece6133.model.timing.K6DesignModelLoader.generateDsPathRec(K6DesignModelLoader.java:494)
	at com.ece6133.model.timing.K6DesignModelLoader.generateDsPathRec(K6DesignModelLoader.java:494)
	at com.ece6133.model.timing.K6DesignModelLoader.generateDsPathRec(K6DesignModelLoader.java:494)
	at com.ece6133.model.timing.K6DesignModelLoader.generateDsPathRec(K6DesignModelLoader.java:494)
	at com.ece6133.model.timing.K6DesignModelLoader.generateDsPathRec(K6DesignModelLoader.java:494)
	at com.ece6133.model.timing.K6DesignModelLoader.generateDsPathRec(K6DesignModelLoader.java:494)
	at com.ece6133.model.timing.K6DesignModelLoader.generateDsPathRec(K6DesignModelLoader.java:494)
	at com.ece6133.model.timing.K6DesignModelLoader.generateDsPathRec(K6DesignModelLoader.java:494)
	at com.ece6133.model.timing.K6DesignModelLoader.generateDsPathRec(K6DesignModelLoader.java:494)
	at com.ece6133.model.timing.K6DesignModelLoader.generateDsPathRec(K6DesignModelLoader.java:494)
	at com.ece6133.model.timing.K6DesignModelLoader.generateDsPathRec(K6DesignModelLoader.java:494)
	at com.ece6133.model.timing.K6DesignModelLoader.generateDsPathRec(K6DesignModelLoader.java:494)
	at com.ece6133.model.timing.K6DesignModelLoader.generateDsPathRec(K6DesignModelLoader.java:494)
	at com.ece6133.model.timing.K6DesignModelLoader.generateDsPathRec(K6DesignModelLoader.java:494)
	at com.ece6133.model.timing.K6DesignModelLoader.generateDsPathRec(K6DesignModelLoader.java:494)
	at com.ece6133.model.timing.K6DesignModelLoader.generateDsPathRec(K6DesignModelLoader.java:494)
	at com.ece6133.model.timing.K6DesignModelLoader.generateDsPathRec(K6DesignModelLoader.java:494)
	at com.ece6133.model.timing.K6DesignModelLoader.generateDsPathRec(K6DesignModelLoader.java:494)
	at com.ece6133.model.timing.K6DesignModelLoader.generateDsPathRec(K6DesignModelLoader.java:494)
	at com.ece6133.model.timing.K6DesignModelLoader.generateDsPathRec(K6DesignModelLoader.java:494)
	at com.ece6133.model.timing.K6DesignModelLoader.generateDsPathRec(K6DesignModelLoader.java:494)
	at com.ece6133.model.timing.K6DesignModelLoader.generateDsPathRec(K6DesignModelLoader.java:494)
	at com.ece6133.model.timing.K6DesignModelLoader.generateDsPathRec(K6DesignModelLoader.java:494)
	at com.ece6133.model.timing.K6DesignModelLoader.generateDsPathRec(K6DesignModelLoader.java:494)
	at com.ece6133.model.timing.K6DesignModelLoader.generateDsPathRec(K6DesignModelLoader.java:494)
	at com.ece6133.model.timing.K6DesignModelLoader.generateDsPathRec(K6DesignModelLoader.java:494)
	at com.ece6133.model.timing.K6DesignModelLoader.generateDsPathRec(K6DesignModelLoader.java:494)
	at com.ece6133.model.timing.K6DesignModelLoader.generateDsPathRec(K6DesignModelLoader.java:494)
	at com.ece6133.model.timing.K6DesignModelLoader.generateDsPathRec(K6DesignModelLoader.java:494)
	at com.ece6133.model.timing.K6DesignModelLoader.generateDsPathRec(K6DesignModelLoader.java:494)
	at com.ece6133.model.timing.K6DesignModelLoader.generateDsPathRec(K6DesignModelLoader.java:494)
	at com.ece6133.model.timing.K6DesignModelLoader.generateDsPathRec(K6DesignModelLoader.java:494)
	at com.ece6133.model.timing.K6DesignModelLoader.generateDsPathRec(K6DesignModelLoader.java:494)
	at com.ece6133.model.timing.K6DesignModelLoader.generateDsPathRec(K6DesignModelLoader.java:494)
	at com.ece6133.model.timing.K6DesignModelLoader.generateDsPathRec(K6DesignModelLoader.java:494)
	at com.ece6133.model.timing.K6DesignModelLoader.generateDsPathRec(K6DesignModelLoader.java:494)
	at com.ece6133.model.timing.K6DesignModelLoader.generateDsPathRec(K6DesignModelLoader.java:494)
	at com.ece6133.model.timing.K6DesignModelLoader.generateDsPathRec(K6DesignModelLoader.java:494)
	at com.ece6133.model.timing.K6DesignModelLoader.generateDsPathRec(K6DesignModelLoader.java:494)
	at com.ece6133.model.timing.K6DesignModelLoader.generateDsPathRec(K6DesignModelLoader.java:494)
	at com.ece6133.model.timing.K6DesignModelLoader.generateDsPathRec(K6DesignModelLoader.java:494)
	at com.ece6133.model.timing.K6DesignModelLoader.generateDsPathRec(K6DesignModelLoader.java:494)
	at com.ece6133.model.timing.K6DesignModelLoader.generateDsPathRec(K6DesignModelLoader.java:494)
	at com.ece6133.model.timing.K6DesignModelLoader.generateDsPathRec(K6DesignModelLoader.java:494)
	at com.ece6133.model.timing.K6DesignModelLoader.generateDsPathRec(K6DesignModelLoader.java:494)
	at com.ece6133.model.timing.K6DesignModelLoader.generateDsPathRec(K6DesignModelLoader.java:494)
	at com.ece6133.model.timing.K6DesignModelLoader.generateDsPathRec(K6DesignModelLoader.java:494)
	at com.ece6133.model.timing.K6DesignModelLoader.generateDsPathRec(K6DesignModelLoader.java:494)
	at com.ece6133.model.timing.K6DesignModelLoader.generateDsPathRec(K6DesignModelLoader.java:494)
	at com.ece6133.model.timing.K6DesignModelLoader.generateDsPathRec(K6DesignModelLoader.java:494)
	at com.ece6133.model.timing.K6DesignModelLoader.generateDsPathRec(K6DesignModelLoader.java:494)
	at com.ece6133.model.timing.K6DesignModelLoader.generateDsPathRec(K6DesignModelLoader.java:494)
	at com.ece6133.model.timing.K6DesignModelLoader.generateDsPathRec(K6DesignModelLoader.java:494)
	at com.ece6133.model.timing.K6DesignModelLoader.generateDsPathRec(K6DesignModelLoader.java:494)
	at com.ece6133.model.timing.K6DesignModelLoader.generateDsPathRec(K6DesignModelLoader.java:494)
	at com.ece6133.model.timing.K6DesignModelLoader.generateDsPathRec(K6DesignModelLoader.java:494)
	at com.ece6133.model.timing.K6DesignModelLoader.generateDsPathRec(K6DesignModelLoader.java:494)
	at com.ece6133.model.timing.K6DesignModelLoader.generateDsPathRec(K6DesignModelLoader.java:494)
	at com.ece6133.model.timing.K6DesignModelLoader.generateDsPathRec(K6DesignModelLoader.java:494)
	at com.ece6133.model.timing.K6DesignModelLoader.generateDsPathRec(K6DesignModelLoader.java:494)
	at com.ece6133.model.timing.K6DesignModelLoader.generateDsPathRec(K6DesignModelLoader.java:494)
	at com.ece6133.model.timing.K6DesignModelLoader.generateDsPathRec(K6DesignModelLoader.java:494)
	at com.ece6133.model.timing.K6DesignModelLoader.generateDsPathRec(K6DesignModelLoader.java:494)
	at com.ece6133.model.timing.K6DesignModelLoader.generateDsPathRec(K6DesignModelLoader.java:494)
	at com.ece6133.model.timing.K6DesignModelLoader.generateDsPathRec(K6DesignModelLoader.java:494)
	at com.ece6133.model.timing.K6DesignModelLoader.generateDsPathRec(K6DesignModelLoader.java:494)
	at com.ece6133.model.timing.K6DesignModelLoader.generateDsPathRec(K6DesignModelLoader.java:494)
	at com.ece6133.model.timing.K6DesignModelLoader.generateDsPathRec(K6DesignModelLoader.java:494)
	at com.ece6133.model.timing.K6DesignModelLoader.generateDsPathRec(K6DesignModelLoader.java:494)
	at com.ece6133.model.timing.K6DesignModelLoader.generateDsPathRec(K6DesignModelLoader.java:494)
	at com.ece6133.model.timing.K6DesignModelLoader.generateDsPathRec(K6DesignModelLoader.java:494)
	at com.ece6133.model.timing.K6DesignModelLoader.generateDsPathRec(K6DesignModelLoader.java:494)
	at com.ece6133.model.timing.K6DesignModelLoader.generateDsPathRec(K6DesignModelLoader.java:494)
	at com.ece6133.model.timing.K6DesignModelLoader.generateDsPathRec(K6DesignModelLoader.java:494)
	at com.ece6133.model.timing.K6DesignModelLoader.generateDsPathRec(K6DesignModelLoader.java:494)
	at com.ece6133.model.timing.K6DesignModelLoader.generateDsPathRec(K6DesignModelLoader.java:494)
	at com.ece6133.model.timing.K6DesignModelLoader.generateDsPathRec(K6DesignModelLoader.java:494)
	at com.ece6133.model.timing.K6DesignModelLoader.generateDsPathRec(K6DesignModelLoader.java:494)
	at com.ece6133.model.timing.K6DesignModelLoader.generateDsPathRec(K6DesignModelLoader.java:494)
	at com.ece6133.model.timing.K6DesignModelLoader.generateDsPathRec(K6DesignModelLoader.java:494)
	at com.ece6133.model.timing.K6DesignModelLoader.generateDsPathRec(K6DesignModelLoader.java:494)
	at com.ece6133.model.timing.K6DesignModelLoader.generateDsPathRec(K6DesignModelLoader.java:494)
	at com.ece6133.model.timing.K6DesignModelLoader.generateDsPathRec(K6DesignModelLoader.java:494)
	at com.ece6133.model.timing.K6DesignModelLoader.generateDsPathRec(K6DesignModelLoader.java:494)
	at com.ece6133.model.timing.K6DesignModelLoader.generateDsPathRec(K6DesignModelLoader.java:494)
	at com.ece6133.model.timing.K6DesignModelLoader.generateDsPathRec(K6DesignModelLoader.java:494)
	at com.ece6133.model.timing.K6DesignModelLoader.generateDsPathRec(K6DesignModelLoader.java:494)
	at com.ece6133.model.timing.K6DesignModelLoader.generateDsPathRec(K6DesignModelLoader.java:494)
	at com.ece6133.model.timing.K6DesignModelLoader.generateDsPathRec(K6DesignModelLoader.java:494)
	at com.ece6133.model.timing.K6DesignModelLoader.generateDsPathRec(K6DesignModelLoader.java:494)
	at com.ece6133.model.timing.K6DesignModelLoader.generateDsPathRec(K6DesignModelLoader.java:494)
	at com.ece6133.model.timing.K6DesignModelLoader.generateDsPathRec(K6DesignModelLoader.java:494)
	at com.ece6133.model.timing.K6DesignModelLoader.generateDsPathRec(K6DesignModelLoader.java:494)
	at com.ece6133.model.timing.K6DesignModelLoader.generateDsPathRec(K6DesignModelLoader.java:494)
	at com.ece6133.model.timing.K6DesignModelLoader.generateDsPathRec(K6DesignModelLoader.java:494)
	at com.ece6133.model.timing.K6DesignModelLoader.generateDsPathRec(K6DesignModelLoader.java:494)
	at com.ece6133.model.timing.K6DesignModelLoader.generateDsPathRec(K6DesignModelLoader.java:494)
	at com.ece6133.model.timing.K6DesignModelLoader.generateDsPathRec(K6DesignModelLoader.java:494)
	at com.ece6133.model.timing.K6DesignModelLoader.generateDsPathRec(K6DesignModelLoader.java:494)
	at com.ece6133.model.timing.K6DesignModelLoader.generateDsPathRec(K6DesignModelLoader.java:494)
	at com.ece6133.model.timing.K6DesignModelLoader.generateDsPathRec(K6DesignModelLoader.java:494)
	at com.ece6133.model.timing.K6DesignModelLoader.generateDsPathRec(K6DesignModelLoader.java:494)
	at com.ece6133.model.timing.K6DesignModelLoader.generateDsPathRec(K6DesignModelLoader.java:494)
	at com.ece6133.model.timing.K6DesignModelLoader.generateDsPathRec(K6DesignModelLoader.java:494)
	at com.ece6133.model.timing.K6DesignModelLoader.generateDsPathRec(K6DesignModelLoader.java:494)
	at com.ece6133.model.timing.K6DesignModelLoader.generateDsPathRec(K6DesignModelLoader.java:494)
	at com.ece6133.model.timing.K6DesignModelLoader.generateDsPathRec(K6DesignModelLoader.java:494)
	at com.ece6133.model.timing.K6DesignModelLoader.generateDsPathRec(K6DesignModelLoader.java:494)
	at com.ece6133.model.timing.K6DesignModelLoader.generateDsPathRec(K6DesignModelLoader.java:494)
	at com.ece6133.model.timing.K6DesignModelLoader.generateDsPathRec(K6DesignModelLoader.java:494)
	at com.ece6133.model.timing.K6DesignModelLoader.generateDsPathRec(K6DesignModelLoader.java:494)
	at com.ece6133.model.timing.K6DesignModelLoader.generateDsPathRec(K6DesignModelLoader.java:494)
	at com.ece6133.model.timing.K6DesignModelLoader.generateDsPathRec(K6DesignModelLoader.java:494)
	at com.ece6133.model.timing.K6DesignModelLoader.generateDsPathRec(K6DesignModelLoader.java:494)
	at com.ece6133.model.timing.K6DesignModelLoader.generateDsPathRec(K6DesignModelLoader.java:494)
	at com.ece6133.model.timing.K6DesignModelLoader.generateDsPathRec(K6DesignModelLoader.java:494)
	at com.ece6133.model.timing.K6DesignModelLoader.generateDsPathRec(K6DesignModelLoader.java:494)
	at com.ece6133.model.timing.K6DesignModelLoader.generateDsPathRec(K6DesignModelLoader.java:494)
	at com.ece6133.model.timing.K6DesignModelLoader.generateDsPathRec(K6DesignModelLoader.java:494)
	at com.ece6133.model.timing.K6DesignModelLoader.generateDsPathRec(K6DesignModelLoader.java:494)
	at com.ece6133.model.timing.K6DesignModelLoader.generateDsPathRec(K6DesignModelLoader.java:494)
	at com.ece6133.model.timing.K6DesignModelLoader.generateDsPathRec(K6DesignModelLoader.java:494)
	at com.ece6133.model.timing.K6DesignModelLoader.generateDsPathRec(K6DesignModelLoader.java:494)
	at com.ece6133.model.timing.K6DesignModelLoader.generateDsPathRec(K6DesignModelLoader.java:494)
	at com.ece6133.model.timing.K6DesignModelLoader.generateDsPathRec(K6DesignModelLoader.java:494)
	at com.ece6133.model.timing.K6DesignModelLoader.generateDsPathRec(K6DesignModelLoader.java:494)
	at com.ece6133.model.timing.K6DesignModelLoader.generateDsPathRec(K6DesignModelLoader.java:494)
	at com.ece6133.model.timing.K6DesignModelLoader.generateDsPathRec(K6DesignModelLoader.java:494)
	at com.ece6133.model.timing.K6DesignModelLoader.generateDsPathRec(K6DesignModelLoader.java:494)
	at com.ece6133.model.timing.K6DesignModelLoader.generateDsPathRec(K6DesignModelLoader.java:494)
	at com.ece6133.model.timing.K6DesignModelLoader.generateDsPathRec(K6DesignModelLoader.java:494)
	at com.ece6133.model.timing.K6DesignModelLoader.generateDsPathRec(K6DesignModelLoader.java:494)
	at com.ece6133.model.timing.K6DesignModelLoader.generateDsPathRec(K6DesignModelLoader.java:494)
	at com.ece6133.model.timing.K6DesignModelLoader.generateDsPathRec(K6DesignModelLoader.java:494)
	at com.ece6133.model.timing.K6DesignModelLoader.generateDsPathRec(K6DesignModelLoader.java:494)
	at com.ece6133.model.timing.K6DesignModelLoader.generateDsPathRec(K6DesignModelLoader.java:494)
	at com.ece6133.model.timing.K6DesignModelLoader.generateDsPathRec(K6DesignModelLoader.java:494)
	at com.ece6133.model.timing.K6DesignModelLoader.generateDsPathRec(K6DesignModelLoader.java:494)
	at com.ece6133.model.timing.K6DesignModelLoader.generateDsPathRec(K6DesignModelLoader.java:494)
	at com.ece6133.model.timing.K6DesignModelLoader.generateDsPathRec(K6DesignModelLoader.java:494)
	at com.ece6133.model.timing.K6DesignModelLoader.generateDsPathRec(K6DesignModelLoader.java:494)
	at com.ece6133.model.timing.K6DesignModelLoader.generateDsPathRec(K6DesignModelLoader.java:494)
	at com.ece6133.model.timing.K6DesignModelLoader.generateDsPathRec(K6DesignModelLoader.java:494)
	at com.ece6133.model.timing.K6DesignModelLoader.generateDsPathRec(K6DesignModelLoader.java:494)
	at com.ece6133.model.timing.K6DesignModelLoader.generateDsPathRec(K6DesignModelLoader.java:494)
	at com.ece6133.model.timing.K6DesignModelLoader.generateDsPathRec(K6DesignModelLoader.java:494)
	at com.ece6133.model.timing.K6DesignModelLoader.generateDsPathRec(K6DesignModelLoader.java:494)
	at com.ece6133.model.timing.K6DesignModelLoader.generateDsPathRec(K6DesignModelLoader.java:494)
	at com.ece6133.model.timing.K6DesignModelLoader.generateDsPathRec(K6DesignModelLoader.java:494)
	at com.ece6133.model.timing.K6DesignModelLoader.generateDsPathRec(K6DesignModelLoader.java:494)
	at com.ece6133.model.timing.K6DesignModelLoader.generateDsPathRec(K6DesignModelLoader.java:494)
	at com.ece6133.model.timing.K6DesignModelLoader.generateDsPathRec(K6DesignModelLoader.java:494)
	at com.ece6133.model.timing.K6DesignModelLoader.generateDsPathRec(K6DesignModelLoader.java:494)
	at com.ece6133.model.timing.K6DesignModelLoader.generateDsPathRec(K6DesignModelLoader.java:494)
	at com.ece6133.model.timing.K6DesignModelLoader.generateDsPathRec(K6DesignModelLoader.java:494)
	at com.ece6133.model.timing.K6DesignModelLoader.generateDsPathRec(K6DesignModelLoader.java:494)
	at com.ece6133.model.timing.K6DesignModelLoader.generateDsPathRec(K6DesignModelLoader.java:494)
	at com.ece6133.model.timing.K6DesignModelLoader.generateDsPathRec(K6DesignModelLoader.java:494)
	at com.ece6133.model.timing.K6DesignModelLoader.generateDsPathRec(K6DesignModelLoader.java:494)
	at com.ece6133.model.timing.K6DesignModelLoader.generateDsPathRec(K6DesignModelLoader.java:494)
	at com.ece6133.model.timing.K6DesignModelLoader.generateDsPathRec(K6DesignModelLoader.java:494)
	at com.ece6133.model.timing.K6DesignModelLoader.generateDsPathRec(K6DesignModelLoader.java:494)
	at com.ece6133.model.timing.K6DesignModelLoader.generateDsPathRec(K6DesignModelLoader.java:494)
	at com.ece6133.model.timing.K6DesignModelLoader.generateDsPathRec(K6DesignModelLoader.java:494)
	at com.ece6133.model.timing.K6DesignModelLoader.generateDsPathRec(K6DesignModelLoader.java:494)
	at com.ece6133.model.timing.K6DesignModelLoader.generateDsPathRec(K6DesignModelLoader.java:494)
	at com.ece6133.model.timing.K6DesignModelLoader.generateDsPathRec(K6DesignModelLoader.java:494)
	at com.ece6133.model.timing.K6DesignModelLoader.generateDsPathRec(K6DesignModelLoader.java:494)
	at com.ece6133.model.timing.K6DesignModelLoader.generateDsPathRec(K6DesignModelLoader.java:494)
	at com.ece6133.model.timing.K6DesignModelLoader.generateDsPathRec(K6DesignModelLoader.java:494)
	at com.ece6133.model.timing.K6DesignModelLoader.generateDsPathRec(K6DesignModelLoader.java:494)
	at com.ece6133.model.timing.K6DesignModelLoader.generateDsPathRec(K6DesignModelLoader.java:494)
	at com.ece6133.model.timing.K6DesignModelLoader.generateDsPathRec(K6DesignModelLoader.java:494)
	at com.ece6133.model.timing.K6DesignModelLoader.generateDsPathRec(K6DesignModelLoader.java:494)
	at com.ece6133.model.timing.K6DesignModelLoader.generateDsPathRec(K6DesignModelLoader.java:494)
	at com.ece6133.model.timing.K6DesignModelLoader.generateDsPathRec(K6DesignModelLoader.java:494)
	at com.ece6133.model.timing.K6DesignModelLoader.generateDsPathRec(K6DesignModelLoader.java:494)
	at com.ece6133.model.timing.K6DesignModelLoader.generateDsPathRec(K6DesignModelLoader.java:494)
	at com.ece6133.model.timing.K6DesignModelLoader.generateDsPathRec(K6DesignModelLoader.java:494)
	at com.ece6133.model.timing.K6DesignModelLoader.generateDsPathRec(K6DesignModelLoader.java:494)
	at com.ece6133.model.timing.K6DesignModelLoader.generateDsPathRec(K6DesignModelLoader.java:494)
	at com.ece6133.model.timing.K6DesignModelLoader.generateDsPathRec(K6DesignModelLoader.java:494)
	at com.ece6133.model.timing.K6DesignModelLoader.generateDsPathRec(K6DesignModelLoader.java:494)
	at com.ece6133.model.timing.K6DesignModelLoader.generateDsPathRec(K6DesignModelLoader.java:494)
	at com.ece6133.model.timing.K6DesignModelLoader.generateDsPathRec(K6DesignModelLoader.java:494)
	at com.ece6133.model.timing.K6DesignModelLoader.generateDsPathRec(K6DesignModelLoader.java:494)
	at com.ece6133.model.timing.K6DesignModelLoader.generateDsPathRec(K6DesignModelLoader.java:494)
	at com.ece6133.model.timing.K6DesignModelLoader.generateDsPathRec(K6DesignModelLoader.java:494)
	at com.ece6133.model.timing.K6DesignModelLoader.generateDsPathRec(K6DesignModelLoader.java:494)
	at com.ece6133.model.timing.K6DesignModelLoader.generateDsPathRec(K6DesignModelLoader.java:494)
	at com.ece6133.model.timing.K6DesignModelLoader.generateDsPathRec(K6DesignModelLoader.java:494)
	at com.ece6133.model.timing.K6DesignModelLoader.generateDsPathRec(K6DesignModelLoader.java:494)
	at com.ece6133.model.timing.K6DesignModelLoader.generateDsPathRec(K6DesignModelLoader.java:494)
	at com.ece6133.model.timing.K6DesignModelLoader.generateDsPathRec(K6DesignModelLoader.java:494)
	at com.ece6133.model.timing.K6DesignModelLoader.generateDsPathRec(K6DesignModelLoader.java:494)
	at com.ece6133.model.timing.K6DesignModelLoader.generateDsPathRec(K6DesignModelLoader.java:494)
	at com.ece6133.model.timing.K6DesignModelLoader.generateDsPathRec(K6DesignModelLoader.java:494)
	at com.ece6133.model.timing.K6DesignModelLoader.generateDsPathRec(K6DesignModelLoader.java:494)
	at com.ece6133.model.timing.K6DesignModelLoader.generateDsPathRec(K6DesignModelLoader.java:494)
	at com.ece6133.model.timing.K6DesignModelLoader.generateDsPathRec(K6DesignModelLoader.java:494)
	at com.ece6133.model.timing.K6DesignModelLoader.generateDsPathRec(K6DesignModelLoader.java:494)
	at com.ece6133.model.timing.K6DesignModelLoader.generateDsPathRec(K6DesignModelLoader.java:494)
	at com.ece6133.model.timing.K6DesignModelLoader.generateDsPathRec(K6DesignModelLoader.java:494)
	at com.ece6133.model.timing.K6DesignModelLoader.generateDsPathRec(K6DesignModelLoader.java:494)
	at com.ece6133.model.timing.K6DesignModelLoader.generateDsPathRec(K6DesignModelLoader.java:494)
	at com.ece6133.model.timing.K6DesignModelLoader.generateDsPathRec(K6DesignModelLoader.java:494)
	at com.ece6133.model.timing.K6DesignModelLoader.generateDsPathRec(K6DesignModelLoader.java:494)
	at com.ece6133.model.timing.K6DesignModelLoader.generateDsPathRec(K6DesignModelLoader.java:494)
	at com.ece6133.model.timing.K6DesignModelLoader.generateDsPathRec(K6DesignModelLoader.java:494)
	at com.ece6133.model.timing.K6DesignModelLoader.generateDsPathRec(K6DesignModelLoader.java:494)
	at com.ece6133.model.timing.K6DesignModelLoader.generateDsPathRec(K6DesignModelLoader.java:494)
	at com.ece6133.model.timing.K6DesignModelLoader.generateDsPathRec(K6DesignModelLoader.java:494)
	at com.ece6133.model.timing.K6DesignModelLoader.generateDsPathRec(K6DesignModelLoader.java:494)
	at com.ece6133.model.timing.K6DesignModelLoader.generateDsPathRec(K6DesignModelLoader.java:494)
	at com.ece6133.model.timing.K6DesignModelLoader.generateDsPathRec(K6DesignModelLoader.java:494)
	at com.ece6133.model.timing.K6DesignModelLoader.generateDsPathRec(K6DesignModelLoader.java:494)
	at com.ece6133.model.timing.K6DesignModelLoader.generateDsPathRec(K6DesignModelLoader.java:494)
	at com.ece6133.model.timing.K6DesignModelLoader.generateDsPathRec(K6DesignModelLoader.java:494)
	at com.ece6133.model.timing.K6DesignModelLoader.generateDsPathRec(K6DesignModelLoader.java:494)
	at com.ece6133.model.timing.K6DesignModelLoader.generateDsPathRec(K6DesignModelLoader.java:494)
	at com.ece6133.model.timing.K6DesignModelLoader.generateDsPathRec(K6DesignModelLoader.java:494)
	at com.ece6133.model.timing.K6DesignModelLoader.generateDsPathRec(K6DesignModelLoader.java:494)
	at com.ece6133.model.timing.K6DesignModelLoader.generateDsPathRec(K6DesignModelLoader.java:494)
	at com.ece6133.model.timing.K6DesignModelLoader.generateDsPathRec(K6DesignModelLoader.java:494)
	at com.ece6133.model.timing.K6DesignModelLoader.generateDsPathRec(K6DesignModelLoader.java:494)
	at com.ece6133.model.timing.K6DesignModelLoader.generateDsPathRec(K6DesignModelLoader.java:494)
	at com.ece6133.model.timing.K6DesignModelLoader.generateDsPathRec(K6DesignModelLoader.java:494)
	at com.ece6133.model.timing.K6DesignModelLoader.generateDsPathRec(K6DesignModelLoader.java:494)
	at com.ece6133.model.timing.K6DesignModelLoader.generateDsPathRec(K6DesignModelLoader.java:494)
	at com.ece6133.model.timing.K6DesignModelLoader.generateDsPathRec(K6DesignModelLoader.java:494)
	at com.ece6133.model.timing.K6DesignModelLoader.generateDsPathRec(K6DesignModelLoader.java:494)
	at com.ece6133.model.timing.K6DesignModelLoader.generateDsPathRec(K6DesignModelLoader.java:494)
	at com.ece6133.model.timing.K6DesignModelLoader.generateDsPathRec(K6DesignModelLoader.java:494)
	at com.ece6133.model.timing.K6DesignModelLoader.generateDsPathRec(K6DesignModelLoader.java:494)
	at com.ece6133.model.timing.K6DesignModelLoader.generateDsPathRec(K6DesignModelLoader.java:494)
	at com.ece6133.model.timing.K6DesignModelLoader.generateDsPathRec(K6DesignModelLoader.java:494)
	at com.ece6133.model.timing.K6DesignModelLoader.generateDsPathRec(K6DesignModelLoader.java:494)
	at com.ece6133.model.timing.K6DesignModelLoader.generateDsPathRec(K6DesignModelLoader.java:494)
	at com.ece6133.model.timing.K6DesignModelLoader.generateDsPathRec(K6DesignModelLoader.java:494)
	at com.ece6133.model.timing.K6DesignModelLoader.generateDsPathRec(K6DesignModelLoader.java:494)
	at com.ece6133.model.timing.K6DesignModelLoader.generateDsPathRec(K6DesignModelLoader.java:494)
	at com.ece6133.model.timing.K6DesignModelLoader.generateDsPathRec(K6DesignModelLoader.java:494)
	at com.ece6133.model.timing.K6DesignModelLoader.generateDsPathRec(K6DesignModelLoader.java:494)
	at com.ece6133.model.timing.K6DesignModelLoader.generateDsPathRec(K6DesignModelLoader.java:494)
	at com.ece6133.model.timing.K6DesignModelLoader.generateDsPathRec(K6DesignModelLoader.java:494)
	at com.ece6133.model.timing.K6DesignModelLoader.generateDsPathRec(K6DesignModelLoader.java:494)
	at com.ece6133.model.timing.K6DesignModelLoader.generateDsPathRec(K6DesignModelLoader.java:494)
	at com.ece6133.model.timing.K6DesignModelLoader.generateDsPathRec(K6DesignModelLoader.java:494)
	at com.ece6133.model.timing.K6DesignModelLoader.generateDsPathRec(K6DesignModelLoader.java:494)
	at com.ece6133.model.timing.K6DesignModelLoader.generateDsPathRec(K6DesignModelLoader.java:494)
	at com.ece6133.model.timing.K6DesignModelLoader.generateDsPathRec(K6DesignModelLoader.java:494)
	at com.ece6133.model.timing.K6DesignModelLoader.generateDsPathRec(K6DesignModelLoader.java:494)
	at com.ece6133.model.timing.K6DesignModelLoader.generateDsPathRec(K6DesignModelLoader.java:494)
	at com.ece6133.model.timing.K6DesignModelLoader.generateDsPathRec(K6DesignModelLoader.java:494)
	at com.ece6133.model.timing.K6DesignModelLoader.generateDsPathRec(K6DesignModelLoader.java:494)
	at com.ece6133.model.timing.K6DesignModelLoader.generateDsPathRec(K6DesignModelLoader.java:494)
	at com.ece6133.model.timing.K6DesignModelLoader.generateDsPathRec(K6DesignModelLoader.java:494)
	at com.ece6133.model.timing.K6DesignModelLoader.generateDsPathRec(K6DesignModelLoader.java:494)
	at com.ece6133.model.timing.K6DesignModelLoader.generateDsPathRec(K6DesignModelLoader.java:494)
	at com.ece6133.model.timing.K6DesignModelLoader.generateDsPathRec(K6DesignModelLoader.java:494)
	at com.ece6133.model.timing.K6DesignModelLoader.generateDsPathRec(K6DesignModelLoader.java:494)
	at com.ece6133.model.timing.K6DesignModelLoader.generateDsPathRec(K6DesignModelLoader.java:494)
	at com.ece6133.model.timing.K6DesignModelLoader.generateDsPathRec(K6DesignModelLoader.java:494)
	at com.ece6133.model.timing.K6DesignModelLoader.generateDsPathRec(K6DesignModelLoader.java:494)
	at com.ece6133.model.timing.K6DesignModelLoader.generateDsPathRec(K6DesignModelLoader.java:494)
	at com.ece6133.model.timing.K6DesignModelLoader.generateDsPathRec(K6DesignModelLoader.java:494)
	at com.ece6133.model.timing.K6DesignModelLoader.generateDsPathRec(K6DesignModelLoader.java:494)
	at com.ece6133.model.timing.K6DesignModelLoader.generateDsPathRec(K6DesignModelLoader.java:494)
	at com.ece6133.model.timing.K6DesignModelLoader.generateDsPathRec(K6DesignModelLoader.java:494)
	at com.ece6133.model.timing.K6DesignModelLoader.generateDsPathRec(K6DesignModelLoader.java:494)
	at com.ece6133.model.timing.K6DesignModelLoader.generateDsPathRec(K6DesignModelLoader.java:494)
	at com.ece6133.model.timing.K6DesignModelLoader.generateDsPathRec(K6DesignModelLoader.java:494)
	at com.ece6133.model.timing.K6DesignModelLoader.generateDsPathRec(K6DesignModelLoader.java:494)
	at com.ece6133.model.timing.K6DesignModelLoader.generateDsPathRec(K6DesignModelLoader.java:494)
	at com.ece6133.model.timing.K6DesignModelLoader.generateDsPathRec(K6DesignModelLoader.java:494)
	at com.ece6133.model.timing.K6DesignModelLoader.generateDsPathRec(K6DesignModelLoader.java:494)
	at com.ece6133.model.timing.K6DesignModelLoader.generateDsPathRec(K6DesignModelLoader.java:494)
	at com.ece6133.model.timing.K6DesignModelLoader.generateDsPathRec(K6DesignModelLoader.java:494)
	at com.ece6133.model.timing.K6DesignModelLoader.generateDsPathRec(K6DesignModelLoader.java:494)
	at com.ece6133.model.timing.K6DesignModelLoader.generateDsPathRec(K6DesignModelLoader.java:494)
	at com.ece6133.model.timing.K6DesignModelLoader.generateDsPathRec(K6DesignModelLoader.java:494)
	at com.ece6133.model.timing.K6DesignModelLoader.generateDsPathRec(K6DesignModelLoader.java:494)
	at com.ece6133.model.timing.K6DesignModelLoader.generateDsPathRec(K6DesignModelLoader.java:494)
	at com.ece6133.model.timing.K6DesignModelLoader.generateDsPathRec(K6DesignModelLoader.java:494)
	at com.ece6133.model.timing.K6DesignModelLoader.generateDsPathRec(K6DesignModelLoader.java:494)
	at com.ece6133.model.timing.K6DesignModelLoader.generateDsPathRec(K6DesignModelLoader.java:494)
	at com.ece6133.model.timing.K6DesignModelLoader.generateDsPathRec(K6DesignModelLoader.java:494)
	at com.ece6133.model.timing.K6DesignModelLoader.generateDsPathRec(K6DesignModelLoader.java:494)
	at com.ece6133.model.timing.K6DesignModelLoader.generateDsPathRec(K6DesignModelLoader.java:494)
	at com.ece6133.model.timing.K6DesignModelLoader.generateDsPathRec(K6DesignModelLoader.java:494)
	at com.ece6133.model.timing.K6DesignModelLoader.generateDsPathRec(K6DesignModelLoader.java:494)
	at com.ece6133.model.timing.K6DesignModelLoader.generateDsPathRec(K6DesignModelLoader.java:494)
	at com.ece6133.model.timing.K6DesignModelLoader.generateDsPathRec(K6DesignModelLoader.java:494)
	at com.ece6133.model.timing.K6DesignModelLoader.generateDsPathRec(K6DesignModelLoader.java:494)
	at com.ece6133.model.timing.K6DesignModelLoader.generateDsPathRec(K6DesignModelLoader.java:494)
	at com.ece6133.model.timing.K6DesignModelLoader.generateDsPathRec(K6DesignModelLoader.java:494)
	at com.ece6133.model.timing.K6DesignModelLoader.generateDsPathRec(K6DesignModelLoader.java:494)
	at com.ece6133.model.timing.K6DesignModelLoader.generateDsPathRec(K6DesignModelLoader.java:494)
	at com.ece6133.model.timing.K6DesignModelLoader.generateDsPathRec(K6DesignModelLoader.java:494)
	at com.ece6133.model.timing.K6DesignModelLoader.generateDsPathRec(K6DesignModelLoader.java:494)
	at com.ece6133.model.timing.K6DesignModelLoader.generateDsPathRec(K6DesignModelLoader.java:494)
	at com.ece6133.model.timing.K6DesignModelLoader.generateDsPathRec(K6DesignModelLoader.java:494)
	at com.ece6133.model.timing.K6DesignModelLoader.generateDsPathRec(K6DesignModelLoader.java:494)
	at com.ece6133.model.timing.K6DesignModelLoader.generateDsPathRec(K6DesignModelLoader.java:494)
	at com.ece6133.model.timing.K6DesignModelLoader.generateDsPathRec(K6DesignModelLoader.java:494)
	at com.ece6133.model.timing.K6DesignModelLoader.generateDsPathRec(K6DesignModelLoader.java:494)
	at com.ece6133.model.timing.K6DesignModelLoader.generateDsPathRec(K6DesignModelLoader.java:494)
	at com.ece6133.model.timing.K6DesignModelLoader.generateDsPathRec(K6DesignModelLoader.java:494)
	at com.ece6133.model.timing.K6DesignModelLoader.generateDsPathRec(K6DesignModelLoader.java:494)
	at com.ece6133.model.timing.K6DesignModelLoader.generateDsPathRec(K6DesignModelLoader.java:494)
	at com.ece6133.model.timing.K6DesignModelLoader.generateDsPathRec(K6DesignModelLoader.java:494)
	at com.ece6133.model.timing.K6DesignModelLoader.generateDsPathRec(K6DesignModelLoader.java:494)
	at com.ece6133.model.timing.K6DesignModelLoader.generateDsPathRec(K6DesignModelLoader.java:494)
	at com.ece6133.model.timing.K6DesignModelLoader.generateDsPathRec(K6DesignModelLoader.java:494)
	at com.ece6133.model.timing.K6DesignModelLoader.generateDsPathRec(K6DesignModelLoader.java:494)
	at com.ece6133.model.timing.K6DesignModelLoader.generateDsPathRec(K6DesignModelLoader.java:494)
	at com.ece6133.model.timing.K6DesignModelLoader.generateDsPathRec(K6DesignModelLoader.java:494)
	at com.ece6133.model.timing.K6DesignModelLoader.generateDsPathRec(K6DesignModelLoader.java:494)
	at com.ece6133.model.timing.K6DesignModelLoader.generateDsPathRec(K6DesignModelLoader.java:494)
	at com.ece6133.model.timing.K6DesignModelLoader.generateDsPathRec(K6DesignModelLoader.java:494)
	at com.ece6133.model.timing.K6DesignModelLoader.generateDsPathRec(K6DesignModelLoader.java:494)
	at com.ece6133.model.timing.K6DesignModelLoader.generateDsPathRec(K6DesignModelLoader.java:494)
	at com.ece6133.model.timing.K6DesignModelLoader.generateDsPathRec(K6DesignModelLoader.java:494)
	at com.ece6133.model.timing.K6DesignModelLoader.generateDsPathRec(K6DesignModelLoader.java:494)
	at com.ece6133.model.timing.K6DesignModelLoader.generateDsPathRec(K6DesignModelLoader.java:494)
	at com.ece6133.model.timing.K6DesignModelLoader.generateDsPathRec(K6DesignModelLoader.java:494)
	at com.ece6133.model.timing.K6DesignModelLoader.generateDsPathRec(K6DesignModelLoader.java:494)
	at com.ece6133.model.timing.K6DesignModelLoader.generateDsPathRec(K6DesignModelLoader.java:494)
	at com.ece6133.model.timing.K6DesignModelLoader.generateDsPathRec(K6DesignModelLoader.java:494)
	at com.ece6133.model.timing.K6DesignModelLoader.generateDsPathRec(K6DesignModelLoader.java:494)
	at com.ece6133.model.timing.K6DesignModelLoader.generateDsPathRec(K6DesignModelLoader.java:494)
	at com.ece6133.model.timing.K6DesignModelLoader.generateDsPathRec(K6DesignModelLoader.java:494)
	at com.ece6133.model.timing.K6DesignModelLoader.generateDsPathRec(K6DesignModelLoader.java:494)
	at com.ece6133.model.timing.K6DesignModelLoader.generateDsPathRec(K6DesignModelLoader.java:494)
	at com.ece6133.model.timing.K6DesignModelLoader.generateDsPathRec(K6DesignModelLoader.java:494)
	at com.ece6133.model.timing.K6DesignModelLoader.generateDsPathRec(K6DesignModelLoader.java:494)
	at com.ece6133.model.timing.K6DesignModelLoader.generateDsPathRec(K6DesignModelLoader.java:494)
	at com.ece6133.model.timing.K6DesignModelLoader.generateDsPathRec(K6DesignModelLoader.java:494)
	at com.ece6133.model.timing.K6DesignModelLoader.generateDsPathRec(K6DesignModelLoader.java:494)
	at com.ece6133.model.timing.K6DesignModelLoader.generateDsPathRec(K6DesignModelLoader.java:494)
	at com.ece6133.model.timing.K6DesignModelLoader.generateDsPathRec(K6DesignModelLoader.java:494)
	at com.ece6133.model.timing.K6DesignModelLoader.generateDsPathRec(K6DesignModelLoader.java:494)
	at com.ece6133.model.timing.K6DesignModelLoader.generateDsPathRec(K6DesignModelLoader.java:494)
	at com.ece6133.model.timing.K6DesignModelLoader.generateDsPathRec(K6DesignModelLoader.java:494)
	at com.ece6133.model.timing.K6DesignModelLoader.generateDsPathRec(K6DesignModelLoader.java:494)
	at com.ece6133.model.timing.K6DesignModelLoader.generateDsPathRec(K6DesignModelLoader.java:494)
	at com.ece6133.model.timing.K6DesignModelLoader.generateDsPathRec(K6DesignModelLoader.java:494)
	at com.ece6133.model.timing.K6DesignModelLoader.generateDsPathRec(K6DesignModelLoader.java:494)
	at com.ece6133.model.timing.K6DesignModelLoader.generateDsPathRec(K6DesignModelLoader.java:494)
	at com.ece6133.model.timing.K6DesignModelLoader.generateDsPathRec(K6DesignModelLoader.java:494)
	at com.ece6133.model.timing.K6DesignModelLoader.generateDsPathRec(K6DesignModelLoader.java:494)
	at com.ece6133.model.timing.K6DesignModelLoader.generateDsPathRec(K6DesignModelLoader.java:494)
	at com.ece6133.model.timing.K6DesignModelLoader.generateDsPathRec(K6DesignModelLoader.java:494)
	at com.ece6133.model.timing.K6DesignModelLoader.generateDsPathRec(K6DesignModelLoader.java:494)
	at com.ece6133.model.timing.K6DesignModelLoader.generateDsPathRec(K6DesignModelLoader.java:494)
	at com.ece6133.model.timing.K6DesignModelLoader.generateDsPathRec(K6DesignModelLoader.java:494)
	at com.ece6133.model.timing.K6DesignModelLoader.generateDsPathRec(K6DesignModelLoader.java:494)
	at com.ece6133.model.timing.K6DesignModelLoader.generateDsPathRec(K6DesignModelLoader.java:494)
	at com.ece6133.model.timing.K6DesignModelLoader.generateDsPathRec(K6DesignModelLoader.java:494)
	at com.ece6133.model.timing.K6DesignModelLoader.generateDsPathRec(K6DesignModelLoader.java:494)
	at com.ece6133.model.timing.K6DesignModelLoader.generateDsPathRec(K6DesignModelLoader.java:494)
	at com.ece6133.model.timing.K6DesignModelLoader.generateDsPathRec(K6DesignModelLoader.java:494)
	at com.ece6133.model.timing.K6DesignModelLoader.generateDsPathRec(K6DesignModelLoader.java:494)
	at com.ece6133.model.timing.K6DesignModelLoader.generateDsPathRec(K6DesignModelLoader.java:494)
	at com.ece6133.model.timing.K6DesignModelLoader.generateDsPathRec(K6DesignModelLoader.java:494)
	at com.ece6133.model.timing.K6DesignModelLoader.generateDsPathRec(K6DesignModelLoader.java:494)
	at com.ece6133.model.timing.K6DesignModelLoader.generateDsPathRec(K6DesignModelLoader.java:494)
	at com.ece6133.model.timing.K6DesignModelLoader.generateDsPathRec(K6DesignModelLoader.java:494)
	at com.ece6133.model.timing.K6DesignModelLoader.generateDsPathRec(K6DesignModelLoader.java:494)
	at com.ece6133.model.timing.K6DesignModelLoader.generateDsPathRec(K6DesignModelLoader.java:494)
	at com.ece6133.model.timing.K6DesignModelLoader.generateDsPathRec(K6DesignModelLoader.java:494)
	at com.ece6133.model.timing.K6DesignModelLoader.generateDsPathRec(K6DesignModelLoader.java:494)
	at com.ece6133.model.timing.K6DesignModelLoader.generateDsPathRec(K6DesignModelLoader.java:494)
	at com.ece6133.model.timing.K6DesignModelLoader.generateDsPathRec(K6DesignModelLoader.java:494)
	at com.ece6133.model.timing.K6DesignModelLoader.generateDsPathRec(K6DesignModelLoader.java:494)
	at com.ece6133.model.timing.K6DesignModelLoader.generateDsPathRec(K6DesignModelLoader.java:494)
	at com.ece6133.model.timing.K6DesignModelLoader.generateDsPathRec(K6DesignModelLoader.java:494)
	at com.ece6133.model.timing.K6DesignModelLoader.generateDsPathRec(K6DesignModelLoader.java:494)
	at com.ece6133.model.timing.K6DesignModelLoader.generateDsPathRec(K6DesignModelLoader.java:494)
	at com.ece6133.model.timing.K6DesignModelLoader.generateDsPathRec(K6DesignModelLoader.java:494)
	at com.ece6133.model.timing.K6DesignModelLoader.generateDsPathRec(K6DesignModelLoader.java:494)
	at com.ece6133.model.timing.K6DesignModelLoader.generateDsPathRec(K6DesignModelLoader.java:494)
	at com.ece6133.model.timing.K6DesignModelLoader.generateDsPathRec(K6DesignModelLoader.java:494)
	at com.ece6133.model.timing.K6DesignModelLoader.generateDsPathRec(K6DesignModelLoader.java:494)
	at com.ece6133.model.timing.K6DesignModelLoader.generateDsPathRec(K6DesignModelLoader.java:494)
	at com.ece6133.model.timing.K6DesignModelLoader.generateDsPathRec(K6DesignModelLoader.java:494)
	at com.ece6133.model.timing.K6DesignModelLoader.generateDsPathRec(K6DesignModelLoader.java:494)
	at com.ece6133.model.timing.K6DesignModelLoader.generateDsPathRec(K6DesignModelLoader.java:494)
	at com.ece6133.model.timing.K6DesignModelLoader.generateDsPathRec(K6DesignModelLoader.java:494)
	at com.ece6133.model.timing.K6DesignModelLoader.generateDsPathRec(K6DesignModelLoader.java:494)
	at com.ece6133.model.timing.K6DesignModelLoader.generateDsPathRec(K6DesignModelLoader.java:494)
	at com.ece6133.model.timing.K6DesignModelLoader.generateDsPathRec(K6DesignModelLoader.java:494)
	at com.ece6133.model.timing.K6DesignModelLoader.generateDsPathRec(K6DesignModelLoader.java:494)
	at com.ece6133.model.timing.K6DesignModelLoader.generateDsPathRec(K6DesignModelLoader.java:494)
	at com.ece6133.model.timing.K6DesignModelLoader.generateDsPathRec(K6DesignModelLoader.java:494)
	at com.ece6133.model.timing.K6DesignModelLoader.generateDsPathRec(K6DesignModelLoader.java:494)
	at com.ece6133.model.timing.K6DesignModelLoader.generateDsPathRec(K6DesignModelLoader.java:494)
	at com.ece6133.model.timing.K6DesignModelLoader.generateDsPathRec(K6DesignModelLoader.java:494)
	at com.ece6133.model.timing.K6DesignModelLoader.generateDsPathRec(K6DesignModelLoader.java:494)
	at com.ece6133.model.timing.K6DesignModelLoader.generateDsPathRec(K6DesignModelLoader.java:494)
	at com.ece6133.model.timing.K6DesignModelLoader.generateDsPathRec(K6DesignModelLoader.java:494)
	at com.ece6133.model.timing.K6DesignModelLoader.generateDsPathRec(K6DesignModelLoader.java:494)
	at com.ece6133.model.timing.K6DesignModelLoader.generateDsPathRec(K6DesignModelLoader.java:494)
	at com.ece6133.model.timing.K6DesignModelLoader.generateDsPathRec(K6DesignModelLoader.java:494)
	at com.ece6133.model.timing.K6DesignModelLoader.generateDsPathRec(K6DesignModelLoader.java:494)
	at com.ece6133.model.timing.K6DesignModelLoader.generateDsPathRec(K6DesignModelLoader.java:494)
	at com.ece6133.model.timing.K6DesignModelLoader.generateDsPathRec(K6DesignModelLoader.java:494)
	at com.ece6133.model.timing.K6DesignModelLoader.generateDsPathRec(K6DesignModelLoader.java:494)
	at com.ece6133.model.timing.K6DesignModelLoader.generateDsPathRec(K6DesignModelLoader.java:494)
	at com.ece6133.model.timing.K6DesignModelLoader.generateDsPathRec(K6DesignModelLoader.java:494)
	at com.ece6133.model.timing.K6DesignModelLoader.generateDsPathRec(K6DesignModelLoader.java:494)
	at com.ece6133.model.timing.K6DesignModelLoader.generateDsPathRec(K6DesignModelLoader.java:494)
	at com.ece6133.model.timing.K6DesignModelLoader.generateDsPathRec(K6DesignModelLoader.java:494)
	at com.ece6133.model.timing.K6DesignModelLoader.generateDsPathRec(K6DesignModelLoader.java:494)
	at com.ece6133.model.timing.K6DesignModelLoader.generateDsPathRec(K6DesignModelLoader.java:494)
	at com.ece6133.model.timing.K6DesignModelLoader.generateDsPathRec(K6DesignModelLoader.java:494)
	at com.ece6133.model.timing.K6DesignModelLoader.generateDsPathRec(K6DesignModelLoader.java:494)
	at com.ece6133.model.timing.K6DesignModelLoader.generateDsPathRec(K6DesignModelLoader.java:494)
	at com.ece6133.model.timing.K6DesignModelLoader.generateDsPathRec(K6DesignModelLoader.java:494)
	at com.ece6133.model.timing.K6DesignModelLoader.generateDsPathRec(K6DesignModelLoader.java:494)
	at com.ece6133.model.timing.K6DesignModelLoader.generateDsPathRec(K6DesignModelLoader.java:494)
	at com.ece6133.model.timing.K6DesignModelLoader.generateDsPathRec(K6DesignModelLoader.java:494)
	at com.ece6133.model.timing.K6DesignModelLoader.generateDsPathRec(K6DesignModelLoader.java:494)
	at com.ece6133.model.timing.K6DesignModelLoader.generateDsPathRec(K6DesignModelLoader.java:494)
	at com.ece6133.model.timing.K6DesignModelLoader.generateDsPathRec(K6DesignModelLoader.java:494)
	at com.ece6133.model.timing.K6DesignModelLoader.generateDsPathRec(K6DesignModelLoader.java:494)
	at com.ece6133.model.timing.K6DesignModelLoader.generateDsPathRec(K6DesignModelLoader.java:494)
	at com.ece6133.model.timing.K6DesignModelLoader.generateDsPathRec(K6DesignModelLoader.java:494)
	at com.ece6133.model.timing.K6DesignModelLoader.generateDsPathRec(K6DesignModelLoader.java:494)
	at com.ece6133.model.timing.K6DesignModelLoader.generateDsPathRec(K6DesignModelLoader.java:494)
	at com.ece6133.model.timing.K6DesignModelLoader.generateDsPathRec(K6DesignModelLoader.java:494)
	at com.ece6133.model.timing.K6DesignModelLoader.generateDsPathRec(K6DesignModelLoader.java:494)
	at com.ece6133.model.timing.K6DesignModelLoader.generateDsPathRec(K6DesignModelLoader.java:494)
	at com.ece6133.model.timing.K6DesignModelLoader.generateDsPathRec(K6DesignModelLoader.java:494)
	at com.ece6133.model.timing.K6DesignModelLoader.generateDsPathRec(K6DesignModelLoader.java:494)
	at com.ece6133.model.timing.K6DesignModelLoader.generateDsPathRec(K6DesignModelLoader.java:494)
	at com.ece6133.model.timing.K6DesignModelLoader.generateDsPathRec(K6DesignModelLoader.java:494)
	at com.ece6133.model.timing.K6DesignModelLoader.generateDsPathRec(K6DesignModelLoader.java:494)
	at com.ece6133.model.timing.K6DesignModelLoader.generateDsPathRec(K6DesignModelLoader.java:494)
	at com.ece6133.model.timing.K6DesignModelLoader.generateDsPathRec(K6DesignModelLoader.java:494)
	at com.ece6133.model.timing.K6DesignModelLoader.generateDsPathRec(K6DesignModelLoader.java:494)
	at com.ece6133.model.timing.K6DesignModelLoader.generateDsPathRec(K6DesignModelLoader.java:494)
	at com.ece6133.model.timing.K6DesignModelLoader.generateDsPathRec(K6DesignModelLoader.java:494)
	at com.ece6133.model.timing.K6DesignModelLoader.generateDsPathRec(K6DesignModelLoader.java:494)
	at com.ece6133.model.timing.K6DesignModelLoader.generateDsPathRec(K6DesignModelLoader.java:494)
	at com.ece6133.model.timing.K6DesignModelLoader.generateDsPathRec(K6DesignModelLoader.java:494)
	at com.ece6133.model.timing.K6DesignModelLoader.generateDsPathRec(K6DesignModelLoader.java:494)
	at com.ece6133.model.timing.K6DesignModelLoader.generateDsPathRec(K6DesignModelLoader.java:494)
	at com.ece6133.model.timing.K6DesignModelLoader.generateDsPathRec(K6DesignModelLoader.java:494)
	at com.ece6133.model.timing.K6DesignModelLoader.generateDsPathRec(K6DesignModelLoader.java:494)
	at com.ece6133.model.timing.K6DesignModelLoader.generateDsPathRec(K6DesignModelLoader.java:494)
	at com.ece6133.model.timing.K6DesignModelLoader.generateDsPathRec(K6DesignModelLoader.java:494)
	at com.ece6133.model.timing.K6DesignModelLoader.generateDsPathRec(K6DesignModelLoader.java:494)
	at com.ece6133.model.timing.K6DesignModelLoader.generateDsPathRec(K6DesignModelLoader.java:494)
	at com.ece6133.model.timing.K6DesignModelLoader.generateDsPathRec(K6DesignModelLoader.java:494)
	at com.ece6133.model.timing.K6DesignModelLoader.generateDsPathRec(K6DesignModelLoader.java:494)
	at com.ece6133.model.timing.K6DesignModelLoader.generateDsPathRec(K6DesignModelLoader.java:494)
	at com.ece6133.model.timing.K6DesignModelLoader.generateDsPathRec(K6DesignModelLoader.java:494)
	at com.ece6133.model.timing.K6DesignModelLoader.generateDsPathRec(K6DesignModelLoader.java:494)
	at com.ece6133.model.timing.K6DesignModelLoader.generateDsPathRec(K6DesignModelLoader.java:494)
	at com.ece6133.model.timing.K6DesignModelLoader.generateDsPathRec(K6DesignModelLoader.java:494)
	at com.ece6133.model.timing.K6DesignModelLoader.generateDsPathRec(K6DesignModelLoader.java:494)
	at com.ece6133.model.timing.K6DesignModelLoader.generateDsPathRec(K6DesignModelLoader.java:494)
	at com.ece6133.model.timing.K6DesignModelLoader.generateDsPathRec(K6DesignModelLoader.java:494)
	at com.ece6133.model.timing.K6DesignModelLoader.generateDsPathRec(K6DesignModelLoader.java:494)
	at com.ece6133.model.timing.K6DesignModelLoader.generateDsPathRec(K6DesignModelLoader.java:494)
	at com.ece6133.model.timing.K6DesignModelLoader.generateDsPathRec(K6DesignModelLoader.java:494)
	at com.ece6133.model.timing.K6DesignModelLoader.generateDsPathRec(K6DesignModelLoader.java:494)
	at com.ece6133.model.timing.K6DesignModelLoader.generateDsPathRec(K6DesignModelLoader.java:494)
	at com.ece6133.model.timing.K6DesignModelLoader.generateDsPathRec(K6DesignModelLoader.java:494)
	at com.ece6133.model.timing.K6DesignModelLoader.generateDsPathRec(K6DesignModelLoader.java:494)
	at com.ece6133.model.timing.K6DesignModelLoader.generateDsPathRec(K6DesignModelLoader.java:494)
	at com.ece6133.model.timing.K6DesignModelLoader.generateDsPathRec(K6DesignModelLoader.java:494)
	at com.ece6133.model.timing.K6DesignModelLoader.generateDsPathRec(K6DesignModelLoader.java:494)
	at com.ece6133.model.timing.K6DesignModelLoader.generateDsPathRec(K6DesignModelLoader.java:494)
	at com.ece6133.model.timing.K6DesignModelLoader.generateDsPathRec(K6DesignModelLoader.java:494)
	at com.ece6133.model.timing.K6DesignModelLoader.generateDsPathRec(K6DesignModelLoader.java:494)
	at com.ece6133.model.timing.K6DesignModelLoader.generateDsPathRec(K6DesignModelLoader.java:494)
	at com.ece6133.model.timing.K6DesignModelLoader.generateDsPathRec(K6DesignModelLoader.java:494)
	at com.ece6133.model.timing.K6DesignModelLoader.generateDsPathRec(K6DesignModelLoader.java:494)
	at com.ece6133.model.timing.K6DesignModelLoader.generateDsPathRec(K6DesignModelLoader.java:494)
	at com.ece6133.model.timing.K6DesignModelLoader.generateDsPathRec(K6DesignModelLoader.java:494)
	at com.ece6133.model.timing.K6DesignModelLoader.generateDsPathRec(K6DesignModelLoader.java:494)
	at com.ece6133.model.timing.K6DesignModelLoader.generateDsPathRec(K6DesignModelLoader.java:494)
	at com.ece6133.model.timing.K6DesignModelLoader.generateDsPathRec(K6DesignModelLoader.java:494)
	at com.ece6133.model.timing.K6DesignModelLoader.generateDsPathRec(K6DesignModelLoader.java:494)
	at com.ece6133.model.timing.K6DesignModelLoader.generateDsPathRec(K6DesignModelLoader.java:494)
	at com.ece6133.model.timing.K6DesignModelLoader.generateDsPathRec(K6DesignModelLoader.java:494)
	at com.ece6133.model.timing.K6DesignModelLoader.generateDsPathRec(K6DesignModelLoader.java:494)
	at com.ece6133.model.timing.K6DesignModelLoader.generateDsPathRec(K6DesignModelLoader.java:494)
	at com.ece6133.model.timing.K6DesignModelLoader.generateDsPathRec(K6DesignModelLoader.java:494)
	at com.ece6133.model.timing.K6DesignModelLoader.generateDsPathRec(K6DesignModelLoader.java:494)
	at com.ece6133.model.timing.K6DesignModelLoader.generateDsPathRec(K6DesignModelLoader.java:494)
	at com.ece6133.model.timing.K6DesignModelLoader.generateDsPathRec(K6DesignModelLoader.java:494)
	at com.ece6133.model.timing.K6DesignModelLoader.generateDsPathRec(K6DesignModelLoader.java:494)
	at com.ece6133.model.timing.K6DesignModelLoader.generateDsPathRec(K6DesignModelLoader.java:494)
	at com.ece6133.model.timing.K6DesignModelLoader.generateDsPathRec(K6DesignModelLoader.java:494)
	at com.ece6133.model.timing.K6DesignModelLoader.generateDsPathRec(K6DesignModelLoader.java:494)
	at com.ece6133.model.timing.K6DesignModelLoader.generateDsPathRec(K6DesignModelLoader.java:494)
	at com.ece6133.model.timing.K6DesignModelLoader.generateDsPathRec(K6DesignModelLoader.java:494)
	at com.ece6133.model.timing.K6DesignModelLoader.generateDsPathRec(K6DesignModelLoader.java:494)
	at com.ece6133.model.timing.K6DesignModelLoader.generateDsPathRec(K6DesignModelLoader.java:494)
	at com.ece6133.model.timing.K6DesignModelLoader.generateDsPathRec(K6DesignModelLoader.java:494)
	at com.ece6133.model.timing.K6DesignModelLoader.generateDsPathRec(K6DesignModelLoader.java:494)
	at com.ece6133.model.timing.K6DesignModelLoader.generateDsPathRec(K6DesignModelLoader.java:494)
	at com.ece6133.model.timing.K6DesignModelLoader.generateDsPathRec(K6DesignModelLoader.java:494)
	at com.ece6133.model.timing.K6DesignModelLoader.generateDsPathRec(K6DesignModelLoader.java:494)
	at com.ece6133.model.timing.K6DesignModelLoader.generateDsPathRec(K6DesignModelLoader.java:494)
	at com.ece6133.model.timing.K6DesignModelLoader.generateDsPathRec(K6DesignModelLoader.java:494)
	at com.ece6133.model.timing.K6DesignModelLoader.generateDsPathRec(K6DesignModelLoader.java:494)
	at com.ece6133.model.timing.K6DesignModelLoader.generateDsPathRec(K6DesignModelLoader.java:494)
	at com.ece6133.model.timing.K6DesignModelLoader.generateDsPathRec(K6DesignModelLoader.java:494)
	at com.ece6133.model.timing.K6DesignModelLoader.generateDsPathRec(K6DesignModelLoader.java:494)
	at com.ece6133.model.timing.K6DesignModelLoader.generateDsPathRec(K6DesignModelLoader.java:494)
	at com.ece6133.model.timing.K6DesignModelLoader.generateDsPathRec(K6DesignModelLoader.java:494)
	at com.ece6133.model.timing.K6DesignModelLoader.generateDsPathRec(K6DesignModelLoader.java:494)
	at com.ece6133.model.timing.K6DesignModelLoader.generateDsPathRec(K6DesignModelLoader.java:494)
	at com.ece6133.model.timing.K6DesignModelLoader.generateDsPathRec(K6DesignModelLoader.java:494)
	at com.ece6133.model.timing.K6DesignModelLoader.generateDsPathRec(K6DesignModelLoader.java:494)
	at com.ece6133.model.timing.K6DesignModelLoader.generateDsPathRec(K6DesignModelLoader.java:494)
	at com.ece6133.model.timing.K6DesignModelLoader.generateDsPathRec(K6DesignModelLoader.java:494)
	at com.ece6133.model.timing.K6DesignModelLoader.generateDsPathRec(K6DesignModelLoader.java:494)
	at com.ece6133.model.timing.K6DesignModelLoader.generateDsPathRec(K6DesignModelLoader.java:494)
	at com.ece6133.model.timing.K6DesignModelLoader.generateDsPathRec(K6DesignModelLoader.java:494)
	at com.ece6133.model.timing.K6DesignModelLoader.generateDsPathRec(K6DesignModelLoader.java:494)
	at com.ece6133.model.timing.K6DesignModelLoader.generateDsPathRec(K6DesignModelLoader.java:494)
	at com.ece6133.model.timing.K6DesignModelLoader.generateDsPathRec(K6DesignModelLoader.java:494)
	at com.ece6133.model.timing.K6DesignModelLoader.generateDsPathRec(K6DesignModelLoader.java:494)
	at com.ece6133.model.timing.K6DesignModelLoader.generateDsPathRec(K6DesignModelLoader.java:494)
	at com.ece6133.model.timing.K6DesignModelLoader.generateDsPathRec(K6DesignModelLoader.java:494)
	at com.ece6133.model.timing.K6DesignModelLoader.generateDsPathRec(K6DesignModelLoader.java:494)
	at com.ece6133.model.timing.K6DesignModelLoader.generateDsPathRec(K6DesignModelLoader.java:494)
	at com.ece6133.model.timing.K6DesignModelLoader.generateDsPathRec(K6DesignModelLoader.java:494)
	at com.ece6133.model.timing.K6DesignModelLoader.generateDsPathRec(K6DesignModelLoader.java:494)
	at com.ece6133.model.timing.K6DesignModelLoader.generateDsPathRec(K6DesignModelLoader.java:494)
	at com.ece6133.model.timing.K6DesignModelLoader.generateDsPathRec(K6DesignModelLoader.java:494)
	at com.ece6133.model.timing.K6DesignModelLoader.generateDsPathRec(K6DesignModelLoader.java:494)
	at com.ece6133.model.timing.K6DesignModelLoader.generateDsPathRec(K6DesignModelLoader.java:494)
	at com.ece6133.model.timing.K6DesignModelLoader.generateDsPathRec(K6DesignModelLoader.java:494)
	at com.ece6133.model.timing.K6DesignModelLoader.generateDsPathRec(K6DesignModelLoader.java:494)
	at com.ece6133.model.timing.K6DesignModelLoader.generateDsPathRec(K6DesignModelLoader.java:494)
	at com.ece6133.model.timing.K6DesignModelLoader.generateDsPathRec(K6DesignModelLoader.java:494)
	at com.ece6133.model.timing.K6DesignModelLoader.generateDsPathRec(K6DesignModelLoader.java:494)
	at com.ece6133.model.timing.K6DesignModelLoader.generateDsPathRec(K6DesignModelLoader.java:494)
	at com.ece6133.model.timing.K6DesignModelLoader.generateDsPathRec(K6DesignModelLoader.java:494)
	at com.ece6133.model.timing.K6DesignModelLoader.generateDsPathRec(K6DesignModelLoader.java:494)
	at com.ece6133.model.timing.K6DesignModelLoader.generateDsPathRec(K6DesignModelLoader.java:494)
	at com.ece6133.model.timing.K6DesignModelLoader.generateDsPathRec(K6DesignModelLoader.java:494)
	at com.ece6133.model.timing.K6DesignModelLoader.generateDsPathRec(K6DesignModelLoader.java:494)
	at com.ece6133.model.timing.K6DesignModelLoader.generateDsPathRec(K6DesignModelLoader.java:494)
	at com.ece6133.model.timing.K6DesignModelLoader.generateDsPathRec(K6DesignModelLoader.java:494)
	at com.ece6133.model.timing.K6DesignModelLoader.generateDsPathRec(K6DesignModelLoader.java:494)
	at com.ece6133.model.timing.K6DesignModelLoader.generateDsPathRec(K6DesignModelLoader.java:494)
	at com.ece6133.model.timing.K6DesignModelLoader.generateDsPathRec(K6DesignModelLoader.java:494)
	at com.ece6133.model.timing.K6DesignModelLoader.generateDsPathRec(K6DesignModelLoader.java:494)
	at com.ece6133.model.timing.K6DesignModelLoader.generateDsPathRec(K6DesignModelLoader.java:494)
	at com.ece6133.model.timing.K6DesignModelLoader.generateDsPathRec(K6DesignModelLoader.java:494)
	at com.ece6133.model.timing.K6DesignModelLoader.generateDsPathRec(K6DesignModelLoader.java:494)
	at com.ece6133.model.timing.K6DesignModelLoader.generateDsPathRec(K6DesignModelLoader.java:494)
	at com.ece6133.model.timing.K6DesignModelLoader.generateDsPathRec(K6DesignModelLoader.java:494)
	at com.ece6133.model.timing.K6DesignModelLoader.generateDsPathRec(K6DesignModelLoader.java:494)
	at com.ece6133.model.timing.K6DesignModelLoader.generateDsPathRec(K6DesignModelLoader.java:494)
	at com.ece6133.model.timing.K6DesignModelLoader.generateDsPathRec(K6DesignModelLoader.java:494)
	at com.ece6133.model.timing.K6DesignModelLoader.generateDsPathRec(K6DesignModelLoader.java:494)
	at com.ece6133.model.timing.K6DesignModelLoader.generateDsPathRec(K6DesignModelLoader.java:494)
	at com.ece6133.model.timing.K6DesignModelLoader.generateDsPathRec(K6DesignModelLoader.java:494)
	at com.ece6133.model.timing.K6DesignModelLoader.generateDsPathRec(K6DesignModelLoader.java:494)
	at com.ece6133.model.timing.K6DesignModelLoader.generateDsPathRec(K6DesignModelLoader.java:494)
	at com.ece6133.model.timing.K6DesignModelLoader.generateDsPathRec(K6DesignModelLoader.java:494)
	at com.ece6133.model.timing.K6DesignModelLoader.generateDsPathRec(K6DesignModelLoader.java:494)
	at com.ece6133.model.timing.K6DesignModelLoader.generateDsPathRec(K6DesignModelLoader.java:494)
	at com.ece6133.model.timing.K6DesignModelLoader.generateDsPathRec(K6DesignModelLoader.java:494)
	at com.ece6133.model.timing.K6DesignModelLoader.generateDsPathRec(K6DesignModelLoader.java:494)
	at com.ece6133.model.timing.K6DesignModelLoader.generateDsPathRec(K6DesignModelLoader.java:494)
	at com.ece6133.model.timing.K6DesignModelLoader.generateDsPathRec(K6DesignModelLoader.java:494)
	at com.ece6133.model.timing.K6DesignModelLoader.generateDsPathRec(K6DesignModelLoader.java:494)
	at com.ece6133.model.timing.K6DesignModelLoader.generateDsPathRec(K6DesignModelLoader.java:494)
	at com.ece6133.model.timing.K6DesignModelLoader.generateDsPathRec(K6DesignModelLoader.java:494)
	at com.ece6133.model.timing.K6DesignModelLoader.generateDsPathRec(K6DesignModelLoader.java:494)
	at com.ece6133.model.timing.K6DesignModelLoader.generateDsPathRec(K6DesignModelLoader.java:494)
	at com.ece6133.model.timing.K6DesignModelLoader.generateDsPathRec(K6DesignModelLoader.java:494)
	at com.ece6133.model.timing.K6DesignModelLoader.generateDsPathRec(K6DesignModelLoader.java:494)
	at com.ece6133.model.timing.K6DesignModelLoader.generateDsPathRec(K6DesignModelLoader.java:494)
	at com.ece6133.model.timing.K6DesignModelLoader.generateDsPathRec(K6DesignModelLoader.java:494)
	at com.ece6133.model.timing.K6DesignModelLoader.generateDsPathRec(K6DesignModelLoader.java:494)
	at com.ece6133.model.timing.K6DesignModelLoader.generateDsPathRec(K6DesignModelLoader.java:494)
	at com.ece6133.model.timing.K6DesignModelLoader.generateDsPathRec(K6DesignModelLoader.java:494)
	at com.ece6133.model.timing.K6DesignModelLoader.generateDsPathRec(K6DesignModelLoader.java:494)
	at com.ece6133.model.timing.K6DesignModelLoader.generateDsPathRec(K6DesignModelLoader.java:494)
	at com.ece6133.model.timing.K6DesignModelLoader.generateDsPathRec(K6DesignModelLoader.java:494)
	at com.ece6133.model.timing.K6DesignModelLoader.generateDsPathRec(K6DesignModelLoader.java:494)
	at com.ece6133.model.timing.K6DesignModelLoader.generateDsPathRec(K6DesignModelLoader.java:494)
	at com.ece6133.model.timing.K6DesignModelLoader.generateDsPathRec(K6DesignModelLoader.java:494)
	at com.ece6133.model.timing.K6DesignModelLoader.generateDsPathRec(K6DesignModelLoader.java:494)
	at com.ece6133.model.timing.K6DesignModelLoader.generateDsPathRec(K6DesignModelLoader.java:494)
	at com.ece6133.model.timing.K6DesignModelLoader.generateDsPathRec(K6DesignModelLoader.java:494)
	at com.ece6133.model.timing.K6DesignModelLoader.generateDsPathRec(K6DesignModelLoader.java:494)
	at com.ece6133.model.timing.K6DesignModelLoader.generateDsPathRec(K6DesignModelLoader.java:494)
	at com.ece6133.model.timing.K6DesignModelLoader.generateDsPathRec(K6DesignModelLoader.java:494)
	at com.ece6133.model.timing.K6DesignModelLoader.generateDsPathRec(K6DesignModelLoader.java:494)
	at com.ece6133.model.timing.K6DesignModelLoader.generateDsPathRec(K6DesignModelLoader.java:494)
	at com.ece6133.model.timing.K6DesignModelLoader.generateDsPathRec(K6DesignModelLoader.java:494)
	at com.ece6133.model.timing.K6DesignModelLoader.generateDsPathRec(K6DesignModelLoader.java:494)
	at com.ece6133.model.timing.K6DesignModelLoader.generateDsPathRec(K6DesignModelLoader.java:494)
	at com.ece6133.model.timing.K6DesignModelLoader.generateDsPathRec(K6DesignModelLoader.java:494)
	at com.ece6133.model.timing.K6DesignModelLoader.generateDsPathRec(K6DesignModelLoader.java:494)
	at com.ece6133.model.timing.K6DesignModelLoader.generateDsPathRec(K6DesignModelLoader.java:494)
	at com.ece6133.model.timing.K6DesignModelLoader.generateDsPathRec(K6DesignModelLoader.java:494)
	at com.ece6133.model.timing.K6DesignModelLoader.generateDsPathRec(K6DesignModelLoader.java:494)
	at com.ece6133.model.timing.K6DesignModelLoader.generateDsPathRec(K6DesignModelLoader.java:494)
	at com.ece6133.model.timing.K6DesignModelLoader.generateDsPathRec(K6DesignModelLoader.java:494)
	at com.ece6133.model.timing.K6DesignModelLoader.generateDsPathRec(K6DesignModelLoader.java:494)
	at com.ece6133.model.timing.K6DesignModelLoader.generateDsPathRec(K6DesignModelLoader.java:494)
	at com.ece6133.model.timing.K6DesignModelLoader.generateDsPathRec(K6DesignModelLoader.java:494)
	at com.ece6133.model.timing.K6DesignModelLoader.generateDsPathRec(K6DesignModelLoader.java:494)
	at com.ece6133.model.timing.K6DesignModelLoader.generateDsPathRec(K6DesignModelLoader.java:494)
	at com.ece6133.model.timing.K6DesignModelLoader.generateDsPathRec(K6DesignModelLoader.java:494)
	at com.ece6133.model.timing.K6DesignModelLoader.generateDsPathRec(K6DesignModelLoader.java:494)
	at com.ece6133.model.timing.K6DesignModelLoader.generateDsPathRec(K6DesignModelLoader.java:494)
	at com.ece6133.model.timing.K6DesignModelLoader.generateDsPathRec(K6DesignModelLoader.java:494)
	at com.ece6133.model.timing.K6DesignModelLoader.generateDsPathRec(K6DesignModelLoader.java:494)
	at com.ece6133.model.timing.K6DesignModelLoader.generateDsPathRec(K6DesignModelLoader.java:494)
	at com.ece6133.model.timing.K6DesignModelLoader.generateDsPathRec(K6DesignModelLoader.java:494)
	at com.ece6133.model.timing.K6DesignModelLoader.generateDsPathRec(K6DesignModelLoader.java:494)
	at com.ece6133.model.timing.K6DesignModelLoader.generateDsPathRec(K6DesignModelLoader.java:494)
	at com.ece6133.model.timing.K6DesignModelLoader.generateDsPathRec(K6DesignModelLoader.java:494)
	at com.ece6133.model.timing.K6DesignModelLoader.generateDsPathRec(K6DesignModelLoader.java:494)
	at com.ece6133.model.timing.K6DesignModelLoader.generateDsPathRec(K6DesignModelLoader.java:494)
	at com.ece6133.model.timing.K6DesignModelLoader.generateDsPathRec(K6DesignModelLoader.java:494)
	at com.ece6133.model.timing.K6DesignModelLoader.generateDsPathRec(K6DesignModelLoader.java:494)
	at com.ece6133.model.timing.K6DesignModelLoader.generateDsPathRec(K6DesignModelLoader.java:494)
	at com.ece6133.model.timing.K6DesignModelLoader.generateDsPathRec(K6DesignModelLoader.java:494)
	at com.ece6133.model.timing.K6DesignModelLoader.generateDsPathRec(K6DesignModelLoader.java:494)
	at com.ece6133.model.timing.K6DesignModelLoader.generateDsPathRec(K6DesignModelLoader.java:494)
	at com.ece6133.model.timing.K6DesignModelLoader.generateDsPathRec(K6DesignModelLoader.java:494)
	at com.ece6133.model.timing.K6DesignModelLoader.generateDsPathRec(K6DesignModelLoader.java:494)
	at com.ece6133.model.timing.K6DesignModelLoader.generateDsPathRec(K6DesignModelLoader.java:494)
	at com.ece6133.model.timing.K6DesignModelLoader.generateDsPathRec(K6DesignModelLoader.java:494)
	at com.ece6133.model.timing.K6DesignModelLoader.generateDsPathRec(K6DesignModelLoader.java:494)
	at com.ece6133.model.timing.K6DesignModelLoader.generateDsPathRec(K6DesignModelLoader.java:494)
	at com.ece6133.model.timing.K6DesignModelLoader.generateDsPathRec(K6DesignModelLoader.java:494)
	at com.ece6133.model.timing.K6DesignModelLoader.generateDsPathRec(K6DesignModelLoader.java:494)
	at com.ece6133.model.timing.K6DesignModelLoader.generateDsPathRec(K6DesignModelLoader.java:494)
	at com.ece6133.model.timing.K6DesignModelLoader.generateDsPathRec(K6DesignModelLoader.java:494)
	at com.ece6133.model.timing.K6DesignModelLoader.generateDsPathRec(K6DesignModelLoader.java:494)
	at com.ece6133.model.timing.K6DesignModelLoader.generateDsPathRec(K6DesignModelLoader.java:494)
	at com.ece6133.model.timing.K6DesignModelLoader.generateDsPathRec(K6DesignModelLoader.java:494)
	at com.ece6133.model.timing.K6DesignModelLoader.generateDsPathRec(K6DesignModelLoader.java:494)
	at com.ece6133.model.timing.K6DesignModelLoader.generateDsPathRec(K6DesignModelLoader.java:494)
	at com.ece6133.model.timing.K6DesignModelLoader.generateDsPathRec(K6DesignModelLoader.java:494)
	at com.ece6133.model.timing.K6DesignModelLoader.generateDsPathRec(K6DesignModelLoader.java:494)
	at com.ece6133.model.timing.K6DesignModelLoader.generateDsPathRec(K6DesignModelLoader.java:494)
	at com.ece6133.model.timing.K6DesignModelLoader.generateDsPathRec(K6DesignModelLoader.java:494)
	at com.ece6133.model.timing.K6DesignModelLoader.generateDsPathRec(K6DesignModelLoader.java:494)
	at com.ece6133.model.timing.K6DesignModelLoader.generateDsPathRec(K6DesignModelLoader.java:494)
	at com.ece6133.model.timing.K6DesignModelLoader.generateDsPathRec(K6DesignModelLoader.java:494)
	at com.ece6133.model.timing.K6DesignModelLoader.generateDsPathRec(K6DesignModelLoader.java:494)
	at com.ece6133.model.timing.K6DesignModelLoader.generateDsPathRec(K6DesignModelLoader.java:494)
	at com.ece6133.model.timing.K6DesignModelLoader.generateDsPathRec(K6DesignModelLoader.java:494)
	at com.ece6133.model.timing.K6DesignModelLoader.generateDsPathRec(K6DesignModelLoader.java:494)
	at com.ece6133.model.timing.K6DesignModelLoader.generateDsPathRec(K6DesignModelLoader.java:494)
	at com.ece6133.model.timing.K6DesignModelLoader.generateDsPathRec(K6DesignModelLoader.java:494)
	at com.ece6133.model.timing.K6DesignModelLoader.generateDsPathRec(K6DesignModelLoader.java:494)
	at com.ece6133.model.timing.K6DesignModelLoader.generateDsPathRec(K6DesignModelLoader.java:494)
	at com.ece6133.model.timing.K6DesignModelLoader.generateDsPathRec(K6DesignModelLoader.java:494)
	at com.ece6133.model.timing.K6DesignModelLoader.generateDsPathRec(K6DesignModelLoader.java:494)
	at com.ece6133.model.timing.K6DesignModelLoader.generateDsPathRec(K6DesignModelLoader.java:494)
	at com.ece6133.model.timing.K6DesignModelLoader.generateDsPathRec(K6DesignModelLoader.java:494)
	at com.ece6133.model.timing.K6DesignModelLoader.generateDsPathRec(K6DesignModelLoader.java:494)
	at com.ece6133.model.timing.K6DesignModelLoader.generateDsPathRec(K6DesignModelLoader.java:494)
	at com.ece6133.model.timing.K6DesignModelLoader.generateDsPathRec(K6DesignModelLoader.java:494)
	at com.ece6133.model.timing.K6DesignModelLoader.generateDsPathRec(K6DesignModelLoader.java:494)
	at com.ece6133.model.timing.K6DesignModelLoader.generateDsPathRec(K6DesignModelLoader.java:494)
[...]
	Sinks: [<>]

: Source: <NetNode: N: fir.x1k1_mul^out_o1~1_FF, P: Block (n4280): I: 1, O: 1, PlInfo: PL Info (n4280): [33, 2], 0, 103>, 
	Sinks: [<>]

: Source: <NetNode: N: fir.out_temp_add^out_o1~8_FF, P: Block (n828): I: 1, O: 1, PlInfo: PL Info (n828): [28, 36], 0, 188>, 
	Sinks: [<>]

: Source: <NetNode: N: fir.x0k0_mul^out_o1~29_FF, P: Block (n4032): I: 1, O: 1, PlInfo: PL Info (n4032): [19, 9], 0, 218>, 
	Sinks: [<>]

: Source: <NetNode: N: fir^x_reg10~2_FF, P: Block (fir^x_reg9~2_FF): I: 1, O: 1, PlInfo: PL Info (fir^x_reg9~2_FF): [32, 16], 0, 939>, 
	Sinks: [<>]

: Source: <NetNode: N: fir.x2k2_mul^out_o1~22_FF, P: Block (n5156): I: 1, O: 1, PlInfo: PL Info (n5156): [35, 26], 0, 10>, 
	Sinks: [<>]

: Source: <NetNode: N: fir.x1k1_mul.u5^prod1~42_FF, P: Block (n12413): I: 1, O: 1, PlInfo: PL Info (n12413): [28, 14], 0, 767>, 
	Sinks: [<>]

: Source: <NetNode: N: fir.out_temp_add^out_o1~10_FF, P: Block (n854): I: 1, O: 1, PlInfo: PL Info (n854): [25, 34], 0, 222>, 
	Sinks: [<>]

: Source: <NetNode: N: fir.x2k2_mul.u2^sign_FF, P: Block (n5386): I: 1, O: 1, PlInfo: PL Info (n5386): [20, 14], 0, 290>, 
	Sinks: [<>]

: Source: <NetNode: N: fir.x2k2_mul^out_o1~16_FF, P: Block (n5078): I: 1, O: 1, PlInfo: PL Info (n5078): [33, 24], 0, 111>, 
	Sinks: [<>]

: Source: <NetNode: N: fir.add0_add^out_o1~12_FF, P: Block (n2801): I: 1, O: 1, PlInfo: PL Info (n2801): [20, 2], 0, 203>, 
	Sinks: [<>]

: Source: <NetNode: N: fir.out_temp_add^out_o1~13_FF, P: Block (n893): I: 1, O: 1, PlInfo: PL Info (n893): [23, 35], 0, 229>, 
	Sinks: [<>]

: Source: <NetNode: N: fir.x0k0_mul^out_o1~0_FF, P: Block (n655): I: 1, O: 1, PlInfo: PL Info (n655): [9, 5], 0, 28>, 
	Sinks: [<>]

: Source: <NetNode: N: n8333, P: Block (n8333): I: 1, O: 1, PlInfo: PL Info (n8333): [11, 11], 0, 623>, 
	Sinks: [<>]

: Source: <NetNode: N: fir.x2k2_mul^out_o1~15_FF, P: Block (n5065): I: 1, O: 1, PlInfo: PL Info (n5065): [28, 23], 0, 110>, 
	Sinks: [<>]

: Source: <NetNode: N: fir.x2k2_mul.u5^prod1~3_FF, P: Block (n13896): I: 1, O: 1, PlInfo: PL Info (n13896): [24, 20], 0, 356>, 
	Sinks: [<>]

: Source: <NetNode: N: n13884, P: Block (n13884): I: 1, O: 1, PlInfo: PL Info (n13884): [21, 17], 0, 460>, 
	Sinks: [<>]

: Source: <NetNode: N: fir.x0k0_mul^out_o1~22_FF, P: Block (n3918): I: 1, O: 1, PlInfo: PL Info (n3918): [8, 8], 0, 32>, 
	Sinks: [<>]

: Source: <NetNode: N: fir^x_reg11~28_FF, P: Block (n16975): I: 1, O: 1, PlInfo: PL Info (n16975): [21, 12], 0, 894>, 
	Sinks: [<>]

: Source: <NetNode: N: fir.x1k1_mul.u5^prod1~17_FF, P: Block (n12383): I: 1, O: 1, PlInfo: PL Info (n12383): [25, 13], 0, 430>, 
	Sinks: [<>]

: Source: <NetNode: N: fir.add0_add^out_o1~15_FF, P: Block (n2840): I: 1, O: 1, PlInfo: PL Info (n2840): [21, 3], 0, 234>, 
	Sinks: [<>]

: Source: <NetNode: N: fir^x_reg15~25_FF, P: Block (fir^x_reg14~25_FF): I: 1, O: 1, PlInfo: PL Info (fir^x_reg14~25_FF): [12, 18], 0, 944>, 
	Sinks: [<>]

: Source: <NetNode: N: fir.add0_add^out_o1~17_FF, P: Block (n2866): I: 1, O: 1, PlInfo: PL Info (n2866): [21, 5], 0, 204>, 
	Sinks: [<>]

: Source: <NetNode: N: fir.x0k0_mul^out_o1~6_FF, P: Block (n3710): I: 1, O: 1, PlInfo: PL Info (n3710): [8, 2], 0, 4>, 
	Sinks: [<>]

: Source: <NetNode: N: fir.add0_add^out_o1~16_FF, P: Block (n2853): I: 1, O: 1, PlInfo: PL Info (n2853): [19, 4], 0, 235>, 
	Sinks: [<>]

: Source: <NetNode: N: fir.add1_add^out_o1~10_FF, P: Block (n1788): I: 1, O: 1, PlInfo: PL Info (n1788): [36, 32], 0, 209>, 
	Sinks: [<>]

: Source: <NetNode: N: fir.x0k0_mul^out_o1~7_FF, P: Block (n3723): I: 1, O: 1, PlInfo: PL Info (n3723): [8, 1], 0, 98>, 
	Sinks: [<>]

: Source: <NetNode: N: fir.x1k1_mul.u5^prod1~38_FF, P: Block (n13012): I: 1, O: 1, PlInfo: PL Info (n13012): [28, 9], 0, 541>, 
	Sinks: [<>]

: Source: <NetNode: N: n15003, P: Block (n15003): I: 1, O: 1, PlInfo: PL Info (n15003): [24, 23], 0, 662>, 
	Sinks: [<>]

: Source: <NetNode: N: fir.x0k0_mul^out_o1~25_FF, P: Block (n3980): I: 1, O: 1, PlInfo: PL Info (n3980): [5, 12], 0, 180>, 
	Sinks: [<>]

: Source: <NetNode: N: fir.add0_add^out_o1~1_FF, P: Block (n2658): I: 1, O: 1, PlInfo: PL Info (n2658): [16, 3], 0, 195>, 
	Sinks: [<>]

: Source: <NetNode: N: n14564, P: Block (n14564): I: 1, O: 1, PlInfo: PL Info (n14564): [16, 23], 0, 833>, 
	Sinks: [<>]

: Source: <NetNode: N: fir.x0k0_mul^out_o1~11_FF, P: Block (n3775): I: 1, O: 1, PlInfo: PL Info (n3775): [11, 9], 0, 99>, 
	Sinks: [<>]

: Source: <NetNode: N: n9082, P: Block (n9082): I: 1, O: 1, PlInfo: PL Info (n9082): [9, 6], 0, 422>, 
	Sinks: [<>]

: Source: <NetNode: N: fir.x0k0_mul^out_o1~10_FF, P: Block (n3762): I: 1, O: 1, PlInfo: PL Info (n3762): [11, 3], 0, 5>, 
	Sinks: [<>]

: Source: <NetNode: N: fir.add0_add^out_o1~2_FF, P: Block (n2671): I: 1, O: 1, PlInfo: PL Info (n2671): [28, 26], 0, 230>, 
	Sinks: [<>]

: Source: <NetNode: N: fir.x3k3_mul^out_o1~18_FF, P: Block (n5707): I: 1, O: 1, PlInfo: PL Info (n5707): [13, 30], 0, 24>, 
	Sinks: [<>]

: Source: <NetNode: N: fir.x2k2_mul^out_o1~0_FF, P: Block (n4855): I: 1, O: 1, PlInfo: PL Info (n4855): [29, 23], 0, 36>, 
	Sinks: [<>]

: Source: <NetNode: N: fir^x_reg16~11_FF, P: Block (fir^x_reg15~11_FF): I: 1, O: 1, PlInfo: PL Info (fir^x_reg15~11_FF): [15, 26], 0, 941>, 
	Sinks: [<>]

: Source: <NetNode: N: fir.x2k2_mul^out_o1~1_FF, P: Block (n4883): I: 1, O: 1, PlInfo: PL Info (n4883): [29, 22], 0, 108>, 
	Sinks: [<>]

: Source: <NetNode: N: fir.x1k1_mul^out_o1~28_FF, P: Block (n4649): I: 1, O: 1, PlInfo: PL Info (n4649): [25, 9], 0, 219>, 
	Sinks: [<>]

: Source: <NetNode: N: fir.x3k3_mul^out_o1~20_FF, P: Block (n5733): I: 1, O: 1, PlInfo: PL Info (n5733): [13, 29], 0, 25>, 
	Sinks: [<>]

: Source: <NetNode: N: fir.x3k3_mul.u5^prod1~34_FF, P: Block (n15443): I: 1, O: 1, PlInfo: PL Info (n15443): [12, 26], 0, 568>, 
	Sinks: [<>]

: Source: <NetNode: N: fir^x_reg8~0_FF, P: Block (n13042): I: 1, O: 1, PlInfo: PL Info (n13042): [31, 16], 0, 873>, 
	Sinks: [<>]

: Source: <NetNode: N: fir.x0k0_mul^out_o1~12_FF, P: Block (n3788): I: 1, O: 1, PlInfo: PL Info (n3788): [12, 5], 0, 100>, 
	Sinks: [<>]

: Source: <NetNode: N: fir.x1k1_mul^out_o1~27_FF, P: Block (n4636): I: 1, O: 1, PlInfo: PL Info (n4636): [24, 9], 0, 178>, 
	Sinks: [<>]

: Source: <NetNode: N: fir.add0_add^out_o1~4_FF, P: Block (n2697): I: 1, O: 1, PlInfo: PL Info (n2697): [15, 3], 0, 197>, 
	Sinks: [<>]

: Source: <NetNode: N: n13037, P: Block (n13037): I: 1, O: 1, PlInfo: PL Info (n13037): [36, 12], 0, 831>, 
	Sinks: [<>]

: Source: <NetNode: N: fir.out_temp_add^out_o1~23_FF, P: Block (n1023): I: 1, O: 1, PlInfo: PL Info (n1023): [21, 31], 0, 240>, 
	Sinks: [<>]

: Source: <NetNode: N: fir.x3k3_mul^out_o1~12_FF, P: Block (n5629): I: 1, O: 1, PlInfo: PL Info (n5629): [15, 31], 0, 45>, 
	Sinks: [<>]

: Source: <NetNode: N: fir.x3k3_mul^out_o1~14_FF, P: Block (n5655): I: 1, O: 1, PlInfo: PL Info (n5655): [9, 30], 0, 20>, 
	Sinks: [<>]

: Source: <NetNode: N: fir.x3k3_mul^out_o1~13_FF, P: Block (n5642): I: 1, O: 1, PlInfo: PL Info (n5642): [15, 30], 0, 46>, 
	Sinks: [<>]

: Source: <NetNode: N: fir.x1k1_mul^out_o1~22_FF, P: Block (n4553): I: 1, O: 1, PlInfo: PL Info (n4553): [24, 7], 0, 88>, 
	Sinks: [<>]

: Source: <NetNode: N: fir.x3k3_mul^out_o1~30_FF, P: Block (n5881): I: 1, O: 1, PlInfo: PL Info (n5881): [19, 29], 0, 113>, 
	Sinks: [<>]

: Source: <NetNode: N: fir.x1k1_mul^out_o1~4_FF, P: Block (n4319): I: 1, O: 1, PlInfo: PL Info (n4319): [31, 1], 0, 33>, 
	Sinks: [<>]

: Source: <NetNode: N: n7850, P: Block (n7850): I: 1, O: 1, PlInfo: PL Info (n7850): [3, 16], 0, 530>, 
	Sinks: [<>]

: Source: <NetNode: N: n11837, P: Block (n11837): I: 1, O: 1, PlInfo: PL Info (n11837): [17, 14], 0, 673>, 
	Sinks: [<>]

: Source: <NetNode: N: fir.x3k3_mul^out_o1~15_FF, P: Block (n5668): I: 1, O: 1, PlInfo: PL Info (n5668): [8, 28], 0, 21>, 
	Sinks: [<>]

: Source: <NetNode: N: fir.out_temp_add^out_o1~15_FF, P: Block (n919): I: 1, O: 1, PlInfo: PL Info (n919): [29, 36], 0, 189>, 
	Sinks: [<>]

: Source: <NetNode: N: fir^x_reg9~25_FF, P: Block (fir^x_reg8~25_FF): I: 1, O: 1, PlInfo: PL Info (fir^x_reg8~25_FF): [17, 17], 0, 943>, 
	Sinks: [<>]

: Source: <NetNode: N: fir.out_temp_add^out_o1~28_FF, P: Block (n1088): I: 1, O: 1, PlInfo: PL Info (n1088): [23, 32], 0, 239>, 
	Sinks: [<>]

: Source: <NetNode: N: fir.x3k3_mul^out_o1~16_FF, P: Block (n5681): I: 1, O: 1, PlInfo: PL Info (n5681): [11, 30], 0, 22>, 
	Sinks: [<>]

: Source: <NetNode: N: fir.x1k1_mul^out_o1~7_FF, P: Block (n4358): I: 1, O: 1, PlInfo: PL Info (n4358): [31, 3], 0, 84>, 
	Sinks: [<>]

: Source: <NetNode: N: fir.x1k1_mul^out_o1~9_FF, P: Block (n4384): I: 1, O: 1, PlInfo: PL Info (n4384): [31, 2], 0, 105>, 
	Sinks: [<>]

: Source: <NetNode: N: fir.x2k2_mul.u5^prod1~35_FF, P: Block (n13826): I: 1, O: 1, PlInfo: PL Info (n13826): [23, 16], 0, 456>, 
	Sinks: [<>]

: Source: <NetNode: N: fir.out_temp_add^out_o1~16_FF, P: Block (n932): I: 1, O: 1, PlInfo: PL Info (n932): [28, 32], 0, 190>, 
	Sinks: [<>]

: Source: <NetNode: N: fir.x2k2_mul.u5^prod1~16_FF, P: Block (n13818): I: 1, O: 1, PlInfo: PL Info (n13818): [23, 20], 0, 353>, 
	Sinks: [<>]

: Source: <NetNode: N: fir.x0k0_mul^out_o1~31_FF, P: Block (n4162): I: 1, O: 1, PlInfo: PL Info (n4162): [13, 13], 0, 284>, 
	Sinks: [<>]

: Source: <NetNode: N: fir.add0_add^out_o1~31_FF, P: Block (n3071): I: 1, O: 1, PlInfo: PL Info (n3071): [21, 6], 0, 48>, 
	Sinks: [<>]

: Source: <NetNode: N: fir.x0k0_mul.u5^prod1~40_FF, P: Block (n8525): I: 1, O: 1, PlInfo: PL Info (n8525): [1, 13], 0, 816>, 
	Sinks: [<>]

: Source: <NetNode: N: fir.x3k3_mul^out_o1~2_FF, P: Block (n5499): I: 1, O: 1, PlInfo: PL Info (n5499): [12, 34], 0, 43>, 
	Sinks: [<>]

: Source: <NetNode: N: fir.x2k2_mul^out_o1~11_FF, P: Block (n5013): I: 1, O: 1, PlInfo: PL Info (n5013): [29, 26], 0, 109>, 
	Sinks: [<>]

: Source: <NetNode: N: fir.x2k2_mul^out_o1~28_FF, P: Block (n5252): I: 1, O: 1, PlInfo: PL Info (n5252): [27, 18], 0, 90>, 
	Sinks: [<>]

: Source: <NetNode: N: fir.out_temp_add^out_o1~18_FF, P: Block (n958): I: 1, O: 1, PlInfo: PL Info (n958): [25, 35], 0, 191>, 
	Sinks: [<>]

: Source: <NetNode: N: fir.x2k2_mul^out_o1~10_FF, P: Block (n5000): I: 1, O: 1, PlInfo: PL Info (n5000): [32, 25], 0, 9>, 
	Sinks: [<>]

: Source: <NetNode: N: fir.x2k2_mul^out_o1~13_FF, P: Block (n5039): I: 1, O: 1, PlInfo: PL Info (n5039): [29, 24], 0, 40>, 
	Sinks: [<>]

: Source: <NetNode: N: fir.x1k1_mul.u0^snan_r_a_FF, P: Block (n11449): I: 1, O: 1, PlInfo: PL Info (n11449): [21, 9], 0, 283>, 
	Sinks: [<>]

: Source: <NetNode: N: fir.out_temp_add^out_o1~19_FF, P: Block (n971): I: 1, O: 1, PlInfo: PL Info (n971): [28, 34], 0, 192>, 
	Sinks: [<>]

: Source: <NetNode: N: fir.add1_add^out_o1~20_FF, P: Block (n1918): I: 1, O: 1, PlInfo: PL Info (n1918): [32, 35], 0, 129>, 
	Sinks: [<>]

: Source: <NetNode: N: fir.out_temp_add^out_o1~1_FF, P: Block (n737): I: 1, O: 1, PlInfo: PL Info (n737): [25, 31], 0, 183>, 
	Sinks: [<>]

: Source: <NetNode: N: fir.x2k2_mul^out_o1~14_FF, P: Block (n5052): I: 1, O: 1, PlInfo: PL Info (n5052): [31, 21], 0, 41>, 
	Sinks: [<>]

: Source: <NetNode: N: fir.add1_add^out_o1~21_FF, P: Block (n1931): I: 1, O: 1, PlInfo: PL Info (n1931): [33, 36], 0, 213>, 
	Sinks: [<>]

: Source: <NetNode: N: fir.out_temp_add^out_o1~21_FF, P: Block (n997): I: 1, O: 1, PlInfo: PL Info (n997): [29, 31], 0, 194>, 
	Sinks: [<>]

: Source: <NetNode: N: n8794, P: Block (n8794): I: 1, O: 1, PlInfo: PL Info (n8794): [1, 17], 0, 820>, 
	Sinks: [<>]

: Source: <NetNode: N: fir.out_temp_add^out_o1~20_FF, P: Block (n984): I: 1, O: 1, PlInfo: PL Info (n984): [29, 32], 0, 193>, 
	Sinks: [<>]

: Source: <NetNode: N: fir.x2k2_mul.u5^prod1~1_FF, P: Block (n13835): I: 1, O: 1, PlInfo: PL Info (n13835): [25, 19], 0, 354>, 
	Sinks: [<>]

: Source: <NetNode: N: fir.x1k1_mul.u5^prod1~26_FF, P: Block (fir.x1k1_mul.u5^prod1~8_FF): I: 1, O: 1, PlInfo: PL Info (fir.x1k1_mul.u5^prod1~8_FF): [28, 12], 0, 920>, 
	Sinks: [<>]

: Source: <NetNode: N: fir.out_temp_add^out_o1~3_FF, P: Block (n763): I: 1, O: 1, PlInfo: PL Info (n763): [24, 36], 0, 184>, 
	Sinks: [<>]

: Source: <NetNode: N: fir^x_reg4~25_FF, P: Block (n12202): I: 1, O: 1, PlInfo: PL Info (n12202): [13, 10], 0, 891>, 
	Sinks: [<>]

: Source: <NetNode: N: fir.x2k2_mul.u5^prod1~29_FF, P: Block (n14660): I: 1, O: 1, PlInfo: PL Info (n14660): [21, 18], 0, 877>, 
	Sinks: [<>]

: Source: <NetNode: N: fir.add0_add.u1^add_r_FF, P: Block (n6068): I: 1, O: 1, PlInfo: PL Info (n6068): [15, 1], 0, 728>, 
	Sinks: [<>]

: Source: <NetNode: N: fir.add1_add^out_o1~15_FF, P: Block (n1853): I: 1, O: 1, PlInfo: PL Info (n1853): [35, 33], 0, 210>, 
	Sinks: [<>]

: Source: <NetNode: N: fir.out_temp_add^out~26_FF, P: Block (n10007): I: 1, O: 1, PlInfo: PL Info (n10007): [25, 33], 0, 640>, 
	Sinks: [<>]

: Source: <NetNode: N: fir.add0_add^out_o1~22_FF, P: Block (n2931): I: 1, O: 1, PlInfo: PL Info (n2931): [20, 5], 0, 223>, 
	Sinks: [<>]

: Source: <NetNode: N: fir.out_temp_add^out_o1~5_FF, P: Block (n789): I: 1, O: 1, PlInfo: PL Info (n789): [24, 35], 0, 186>, 
	Sinks: [<>]

: Source: <NetNode: N: fir.x0k0_mul^out_o1~14_FF, P: Block (n3814): I: 1, O: 1, PlInfo: PL Info (n3814): [11, 8], 0, 30>, 
	Sinks: [<>]

: Source: <NetNode: N: fir.add1_add^out_o1~17_FF, P: Block (n1879): I: 1, O: 1, PlInfo: PL Info (n1879): [17, 31], 0, 212>, 
	Sinks: [<>]

: Source: <NetNode: N: fir.add0_add^out_o1~5_FF, P: Block (n2710): I: 1, O: 1, PlInfo: PL Info (n2710): [16, 2], 0, 198>, 
	Sinks: [<>]

: Source: <NetNode: N: fir.add0_add^out_o1~24_FF, P: Block (n2980): I: 1, O: 1, PlInfo: PL Info (n2980): [29, 27], 0, 237>, 
	Sinks: [<>]

: Source: <NetNode: N: fir^x_reg9~31_FF, P: Block (fir^x_reg8~31_FF): I: 1, O: 1, PlInfo: PL Info (fir^x_reg8~31_FF): [15, 17], 0, 946>, 
	Sinks: [<>]

: Source: <NetNode: N: fir.x0k0_mul^out_o1~15_FF, P: Block (n3827): I: 1, O: 1, PlInfo: PL Info (n3827): [12, 6], 0, 101>, 
	Sinks: [<>]

: Source: <NetNode: N: fir.add1_add^out_o1~1_FF, P: Block (n1671): I: 1, O: 1, PlInfo: PL Info (n1671): [35, 31], 0, 225>, 
	Sinks: [<>]

: Source: <NetNode: N: fir.add0_add^out_o1~9_FF, P: Block (n2762): I: 1, O: 1, PlInfo: PL Info (n2762): [17, 5], 0, 201>, 
	Sinks: [<>]

: Source: <NetNode: N: fir.x0k0_mul^out_o1~16_FF, P: Block (n3840): I: 1, O: 1, PlInfo: PL Info (n3840): [13, 6], 0, 102>, 
	Sinks: [<>]

: Source: <NetNode: N: fir.add0_add^out_o1~25_FF, P: Block (n2993): I: 1, O: 1, PlInfo: PL Info (n2993): [17, 6], 0, 224>, 
	Sinks: [<>]

: Source: <NetNode: N: fir.x2k2_mul^out_o1~5_FF, P: Block (n4935): I: 1, O: 1, PlInfo: PL Info (n4935): [31, 26], 0, 38>, 
	Sinks: [<>]

: Source: <NetNode: N: fir.x1k1_mul.u5^prod1~6_FF, P: Block (n12286): I: 1, O: 1, PlInfo: PL Info (n12286): [27, 10], 0, 326>, 
	Sinks: [<>]

: Source: <NetNode: N: fir.x3k3_mul^out_o1~25_FF, P: Block (n5816): I: 1, O: 1, PlInfo: PL Info (n5816): [11, 26], 0, 179>, 
	Sinks: [<>]

: Source: <NetNode: N: fir.add0_add^out_o1~11_FF, P: Block (n2788): I: 1, O: 1, PlInfo: PL Info (n2788): [15, 4], 0, 202>, 
	Sinks: [<>]

: Source: <NetNode: N: fir.add1_add^out_o1~2_FF, P: Block (n1684): I: 1, O: 1, PlInfo: PL Info (n1684): [35, 30], 0, 206>, 
	Sinks: [<>]

: Source: <NetNode: N: fir.x0k0_mul.u5^prod1~23_FF, P: Block (n7772_1): I: 1, O: 1, PlInfo: PL Info (n7772_1): [3, 15], 0, 391>, 
	Sinks: [<>]

: Source: <NetNode: N: fir.add0_add^out_o1~10_FF, P: Block (n2775): I: 1, O: 1, PlInfo: PL Info (n2775): [24, 26], 0, 232>, 
	Sinks: [<>]

: Source: <NetNode: N: fir.x0k0_mul^out_o1~18_FF, P: Block (n3866): I: 1, O: 1, PlInfo: PL Info (n3866): [11, 6], 0, 31>, 
	Sinks: [<>]

: Source: <NetNode: N: fir.x1k1_mul.u2^exp_out~3_FF, P: Block (n4711): I: 1, O: 1, PlInfo: PL Info (n4711): [24, 10], 0, 267>, 
	Sinks: [<>]

: Source: <NetNode: N: fir.x0k0_mul^out_o1~20_FF, P: Block (n3892): I: 1, O: 1, PlInfo: PL Info (n3892): [13, 5], 0, 82>, 
	Sinks: [<>]

: Source: <NetNode: N: fir.x2k2_mul^out_o1~9_FF, P: Block (n4987): I: 1, O: 1, PlInfo: PL Info (n4987): [32, 27], 0, 8>, 
	Sinks: [<>]

: Source: <NetNode: N: fir.x1k1_mul^out_o1~18_FF, P: Block (n4501): I: 1, O: 1, PlInfo: PL Info (n4501): [24, 5], 0, 87>, 
	Sinks: [<>]

: Source: <NetNode: N: n15548, P: Block (n15548): I: 1, O: 1, PlInfo: PL Info (n15548): [13, 27], 0, 615>, 
	Sinks: [<>]

: Source: <NetNode: N: fir.x0k0_mul^out_o1~1_FF, P: Block (n3645): I: 1, O: 1, PlInfo: PL Info (n3645): [8, 5], 0, 96>, 
	Sinks: [<>]

: Source: <NetNode: N: fir.x2k2_mul^out_o1~8_FF, P: Block (n4974): I: 1, O: 1, PlInfo: PL Info (n4974): [31, 27], 0, 39>, 
	Sinks: [<>]

: Source: <NetNode: N: fir.x3k3_mul^out_o1~26_FF, P: Block (n5829): I: 1, O: 1, PlInfo: PL Info (n5829): [12, 28], 0, 220>, 
	Sinks: [<>]

: Source: <NetNode: N: fir.x3k3_mul^out_o1~11_FF, P: Block (n5616): I: 1, O: 1, PlInfo: PL Info (n5616): [9, 35], 0, 19>, 
	Sinks: [<>]

: Source: <NetNode: N: fir^x_reg4~1_FF, P: Block (fir^x_reg3~1_FF): I: 1, O: 1, PlInfo: PL Info (fir^x_reg3~1_FF): [13, 15], 0, 938>, 
	Sinks: [<>]

: Source: <NetNode: N: fir.x2k2_mul.u5^prod1~40_FF, P: Block (n14015): I: 1, O: 1, PlInfo: PL Info (n14015): [21, 20], 0, 613>, 
	Sinks: [<>]

: Source: <NetNode: N: fir.x3k3_mul^out_o1~27_FF, P: Block (n5842): I: 1, O: 1, PlInfo: PL Info (n5842): [11, 27], 0, 92>, 
	Sinks: [<>]

: Source: <NetNode: N: fir.x1k1_mul^out_o1~19_FF, P: Block (n4514): I: 1, O: 1, PlInfo: PL Info (n4514): [23, 6], 0, 35>, 
	Sinks: [<>]

/home/guyfleeman/robojackets/ECE6133/src/test/resources/fir.place
: Source: <NetNode: N: a1-out, P: Block (A1): I: 2, O: 1, PlInfo: PL Info (PLI - A1): [0, 0], 0, 0>, 
	Sinks: [<NetNode: N: a1-out, P: Block (D): I: 2, O: 0, PlInfo: PL Info (PLI - D): [0, 0], 0, 0>, <>]

: Source: <NetNode: N: b2-out, P: Block (B2): I: 1, O: 1, PlInfo: PL Info (PLI - B2): [0, 0], 0, 0>, 
	Sinks: [<NetNode: N: b2-out, P: Block (D): I: 2, O: 0, PlInfo: PL Info (PLI - D): [0, 0], 0, 0>, <NetNode: N: b2-out, P: Block (E): I: 1, O: 0, PlInfo: PL Info (PLI - E): [0, 0], 0, 0>, <>]

: Source: <NetNode: N: a-out, P: Block (A): I: 0, O: 1, PlInfo: PL Info (PLI - A): [0, 0], 0, 0>, 
	Sinks: [<NetNode: N: a-out, P: Block (A1): I: 2, O: 1, PlInfo: PL Info (PLI - A1): [0, 0], 0, 0>, <NetNode: N: a-out, P: Block (B1): I: 3, O: 1, PlInfo: PL Info (PLI - B1): [0, 0], 0, 0>, <>]

: Source: <NetNode: N: b-out, P: Block (B): I: 0, O: 1, PlInfo: PL Info (PLI - B): [0, 0], 0, 0>, 
	Sinks: [<NetNode: N: b-out, P: Block (A1): I: 2, O: 1, PlInfo: PL Info (PLI - A1): [0, 0], 0, 0>, <NetNode: N: b-out, P: Block (B1): I: 3, O: 1, PlInfo: PL Info (PLI - B1): [0, 0], 0, 0>, <>]

: Source: <NetNode: N: c-out, P: Block (C): I: 0, O: 1, PlInfo: PL Info (PLI - C): [0, 0], 0, 0>, 
	Sinks: [<NetNode: N: c-out, P: Block (C1): I: 1, O: 1, PlInfo: PL Info (PLI - C1): [0, 0], 0, 0>, <NetNode: N: c-out, P: Block (B1): I: 3, O: 1, PlInfo: PL Info (PLI - B1): [0, 0], 0, 0>, <>]

: Source: <NetNode: N: c1-out, P: Block (C1): I: 1, O: 1, PlInfo: PL Info (PLI - C1): [0, 0], 0, 0>, 
	Sinks: [<NetNode: N: c1-out, P: Block (F): I: 1, O: 0, PlInfo: PL Info (PLI - F): [0, 0], 0, 0>, <>]

: Source: <NetNode: N: b1-out, P: Block (B1): I: 3, O: 1, PlInfo: PL Info (PLI - B1): [0, 0], 0, 0>, 
	Sinks: [<NetNode: N: b1-out, P: Block (B2): I: 1, O: 1, PlInfo: PL Info (PLI - B2): [0, 0], 0, 0>, <>]


Coarse Path List: (ct:9)
B -> A1[TODO DLY], A1 -> D[TODO DLY], 
B -> B1[TODO DLY], B1 -> B2[TODO DLY], B2 -> D[TODO DLY], 
B -> B1[TODO DLY], B1 -> B2[TODO DLY], B2 -> E[TODO DLY], 
A -> A1[TODO DLY], A1 -> D[TODO DLY], 
A -> B1[TODO DLY], B1 -> B2[TODO DLY], B2 -> D[TODO DLY], 
A -> B1[TODO DLY], B1 -> B2[TODO DLY], B2 -> E[TODO DLY], 
C -> C1[TODO DLY], C1 -> F[TODO DLY], 
C -> B1[TODO DLY], B1 -> B2[TODO DLY], B2 -> D[TODO DLY], 
C -> B1[TODO DLY], B1 -> B2[TODO DLY], B2 -> E[TODO DLY], 


]]></system-out>
  <system-err><![CDATA[]]></system-err>
</testsuite>
